Versão: 1.0.14

Usando arquivo de configuração: /home/danieleperse/.codenation.yml

Executando testes...

[INFO] Scanning for projects...
[INFO] 
[INFO] ---------------------< com.challenge:spring-http >----------------------
[INFO] Building spring-http 0.0.1-SNAPSHOT
[INFO] --------------------------------[ jar ]---------------------------------
[INFO] 
[INFO] --- maven-resources-plugin:3.1.0:resources (default-resources) @ spring-http ---
[INFO] Using 'UTF-8' encoding to copy filtered resources.
[INFO] Copying 1 resource
[INFO] Copying 0 resource
[INFO] 
[INFO] --- maven-compiler-plugin:3.5.1:compile (default-compile) @ spring-http ---
[INFO] Nothing to compile - all classes are up to date
[INFO] 
[INFO] --- maven-resources-plugin:3.1.0:testResources (default-testResources) @ spring-http ---
[INFO] Using 'UTF-8' encoding to copy filtered resources.
[INFO] Copying 1 resource
[INFO] 
[INFO] --- maven-compiler-plugin:3.5.1:testCompile (default-testCompile) @ spring-http ---
[INFO] Changes detected - recompiling the module!
[INFO] Compiling 9 source files to /home/danieleperse/codenation/java-11/target/test-classes
[INFO] /home/danieleperse/codenation/java-11/src/test/java/com/challenge/suite/AccelerationControllerTest.java: /home/danieleperse/codenation/java-11/src/test/java/com/challenge/suite/AccelerationControllerTest.java uses unchecked or unsafe operations.
[INFO] /home/danieleperse/codenation/java-11/src/test/java/com/challenge/suite/AccelerationControllerTest.java: Recompile with -Xlint:unchecked for details.
[INFO] 
[INFO] --- maven-surefire-plugin:2.22.2:test (default-test) @ spring-http ---
[INFO] 
[INFO] -------------------------------------------------------
[INFO]  T E S T S
[INFO] -------------------------------------------------------
[INFO] Running com.challenge.suite.ChallengeTestSuite
13:35:26.946 [main] DEBUG org.springframework.test.context.junit4.SpringJUnit4ClassRunner - SpringJUnit4ClassRunner constructor called with [class com.challenge.suite.AccelerationControllerTest]
13:35:26.983 [main] DEBUG org.springframework.test.context.BootstrapUtils - Instantiating CacheAwareContextLoaderDelegate from class [org.springframework.test.context.cache.DefaultCacheAwareContextLoaderDelegate]
13:35:27.008 [main] DEBUG org.springframework.test.context.BootstrapUtils - Instantiating BootstrapContext using constructor [public org.springframework.test.context.support.DefaultBootstrapContext(java.lang.Class,org.springframework.test.context.CacheAwareContextLoaderDelegate)]
13:35:27.067 [main] DEBUG org.springframework.test.context.BootstrapUtils - Instantiating TestContextBootstrapper for test class [com.challenge.suite.AccelerationControllerTest] from class [org.springframework.boot.test.context.SpringBootTestContextBootstrapper]
13:35:27.093 [main] INFO org.springframework.boot.test.context.SpringBootTestContextBootstrapper - Neither @ContextConfiguration nor @ContextHierarchy found for test class [com.challenge.suite.AccelerationControllerTest], using SpringBootContextLoader
13:35:27.118 [main] DEBUG org.springframework.test.context.support.AbstractContextLoader - Did not detect default resource location for test class [com.challenge.suite.AccelerationControllerTest]: class path resource [com/challenge/suite/AccelerationControllerTest-context.xml] does not exist
13:35:27.119 [main] DEBUG org.springframework.test.context.support.AbstractContextLoader - Did not detect default resource location for test class [com.challenge.suite.AccelerationControllerTest]: class path resource [com/challenge/suite/AccelerationControllerTestContext.groovy] does not exist
13:35:27.128 [main] INFO org.springframework.test.context.support.AbstractContextLoader - Could not detect default resource locations for test class [com.challenge.suite.AccelerationControllerTest]: no resource found for suffixes {-context.xml, Context.groovy}.
13:35:27.297 [main] DEBUG org.springframework.test.context.support.ActiveProfilesUtils - Could not find an 'annotation declaring class' for annotation type [org.springframework.test.context.ActiveProfiles] and class [com.challenge.suite.AccelerationControllerTest]
13:35:27.570 [main] DEBUG org.springframework.boot.test.context.SpringBootTestContextBootstrapper - @TestExecutionListeners is not present for class [com.challenge.suite.AccelerationControllerTest]: using defaults.
13:35:27.572 [main] INFO org.springframework.boot.test.context.SpringBootTestContextBootstrapper - Loaded default TestExecutionListener class names from location [META-INF/spring.factories]: [org.springframework.boot.test.mock.mockito.MockitoTestExecutionListener, org.springframework.boot.test.mock.mockito.ResetMocksTestExecutionListener, org.springframework.boot.test.autoconfigure.restdocs.RestDocsTestExecutionListener, org.springframework.boot.test.autoconfigure.web.client.MockRestServiceServerResetTestExecutionListener, org.springframework.boot.test.autoconfigure.web.servlet.MockMvcPrintOnlyOnFailureTestExecutionListener, org.springframework.boot.test.autoconfigure.web.servlet.WebDriverTestExecutionListener, org.springframework.test.context.web.ServletTestExecutionListener, org.springframework.test.context.support.DirtiesContextBeforeModesTestExecutionListener, org.springframework.test.context.support.DependencyInjectionTestExecutionListener, org.springframework.test.context.support.DirtiesContextTestExecutionListener, org.springframework.test.context.transaction.TransactionalTestExecutionListener, org.springframework.test.context.jdbc.SqlScriptsTestExecutionListener]
13:35:27.650 [main] INFO org.springframework.boot.test.context.SpringBootTestContextBootstrapper - Using TestExecutionListeners: [org.springframework.test.context.web.ServletTestExecutionListener@2bec854f, org.springframework.test.context.support.DirtiesContextBeforeModesTestExecutionListener@31edaa7d, org.springframework.boot.test.mock.mockito.MockitoTestExecutionListener@26adfd2d, org.springframework.boot.test.autoconfigure.SpringBootDependencyInjectionTestExecutionListener@3336e6b6, org.springframework.test.context.support.DirtiesContextTestExecutionListener@7c3fdb62, org.springframework.test.context.transaction.TransactionalTestExecutionListener@205d38da, org.springframework.test.context.jdbc.SqlScriptsTestExecutionListener@6950ed69, org.springframework.boot.test.mock.mockito.ResetMocksTestExecutionListener@6dd7b5a3, org.springframework.boot.test.autoconfigure.restdocs.RestDocsTestExecutionListener@6f3187b0, org.springframework.boot.test.autoconfigure.web.client.MockRestServiceServerResetTestExecutionListener@2663e964, org.springframework.boot.test.autoconfigure.web.servlet.MockMvcPrintOnlyOnFailureTestExecutionListener@48b67364, org.springframework.boot.test.autoconfigure.web.servlet.WebDriverTestExecutionListener@189cbd7c]
13:35:27.662 [main] DEBUG org.springframework.test.context.junit4.SpringJUnit4ClassRunner - SpringJUnit4ClassRunner constructor called with [class com.challenge.suite.CandidateControllerTest]
13:35:27.662 [main] DEBUG org.springframework.test.context.BootstrapUtils - Instantiating CacheAwareContextLoaderDelegate from class [org.springframework.test.context.cache.DefaultCacheAwareContextLoaderDelegate]
13:35:27.663 [main] DEBUG org.springframework.test.context.BootstrapUtils - Instantiating BootstrapContext using constructor [public org.springframework.test.context.support.DefaultBootstrapContext(java.lang.Class,org.springframework.test.context.CacheAwareContextLoaderDelegate)]
13:35:27.664 [main] DEBUG org.springframework.test.context.BootstrapUtils - Instantiating TestContextBootstrapper for test class [com.challenge.suite.CandidateControllerTest] from class [org.springframework.boot.test.context.SpringBootTestContextBootstrapper]
13:35:27.673 [main] INFO org.springframework.boot.test.context.SpringBootTestContextBootstrapper - Neither @ContextConfiguration nor @ContextHierarchy found for test class [com.challenge.suite.CandidateControllerTest], using SpringBootContextLoader
13:35:27.681 [main] DEBUG org.springframework.test.context.support.AbstractContextLoader - Did not detect default resource location for test class [com.challenge.suite.CandidateControllerTest]: class path resource [com/challenge/suite/CandidateControllerTest-context.xml] does not exist
13:35:27.685 [main] DEBUG org.springframework.test.context.support.AbstractContextLoader - Did not detect default resource location for test class [com.challenge.suite.CandidateControllerTest]: class path resource [com/challenge/suite/CandidateControllerTestContext.groovy] does not exist
13:35:27.688 [main] INFO org.springframework.test.context.support.AbstractContextLoader - Could not detect default resource locations for test class [com.challenge.suite.CandidateControllerTest]: no resource found for suffixes {-context.xml, Context.groovy}.
13:35:27.699 [main] DEBUG org.springframework.test.context.support.ActiveProfilesUtils - Could not find an 'annotation declaring class' for annotation type [org.springframework.test.context.ActiveProfiles] and class [com.challenge.suite.CandidateControllerTest]
13:35:27.709 [main] DEBUG org.springframework.boot.test.context.SpringBootTestContextBootstrapper - @TestExecutionListeners is not present for class [com.challenge.suite.CandidateControllerTest]: using defaults.
13:35:27.710 [main] INFO org.springframework.boot.test.context.SpringBootTestContextBootstrapper - Loaded default TestExecutionListener class names from location [META-INF/spring.factories]: [org.springframework.boot.test.mock.mockito.MockitoTestExecutionListener, org.springframework.boot.test.mock.mockito.ResetMocksTestExecutionListener, org.springframework.boot.test.autoconfigure.restdocs.RestDocsTestExecutionListener, org.springframework.boot.test.autoconfigure.web.client.MockRestServiceServerResetTestExecutionListener, org.springframework.boot.test.autoconfigure.web.servlet.MockMvcPrintOnlyOnFailureTestExecutionListener, org.springframework.boot.test.autoconfigure.web.servlet.WebDriverTestExecutionListener, org.springframework.test.context.web.ServletTestExecutionListener, org.springframework.test.context.support.DirtiesContextBeforeModesTestExecutionListener, org.springframework.test.context.support.DependencyInjectionTestExecutionListener, org.springframework.test.context.support.DirtiesContextTestExecutionListener, org.springframework.test.context.transaction.TransactionalTestExecutionListener, org.springframework.test.context.jdbc.SqlScriptsTestExecutionListener]
13:35:27.717 [main] INFO org.springframework.boot.test.context.SpringBootTestContextBootstrapper - Using TestExecutionListeners: [org.springframework.test.context.web.ServletTestExecutionListener@3fce8fd9, org.springframework.test.context.support.DirtiesContextBeforeModesTestExecutionListener@609bcfb6, org.springframework.boot.test.mock.mockito.MockitoTestExecutionListener@7d94beb9, org.springframework.boot.test.autoconfigure.SpringBootDependencyInjectionTestExecutionListener@560348e6, org.springframework.test.context.support.DirtiesContextTestExecutionListener@1df8b5b8, org.springframework.test.context.transaction.TransactionalTestExecutionListener@23202fce, org.springframework.test.context.jdbc.SqlScriptsTestExecutionListener@7b993c65, org.springframework.boot.test.mock.mockito.ResetMocksTestExecutionListener@37911f88, org.springframework.boot.test.autoconfigure.restdocs.RestDocsTestExecutionListener@6f1c29b7, org.springframework.boot.test.autoconfigure.web.client.MockRestServiceServerResetTestExecutionListener@4d6025c5, org.springframework.boot.test.autoconfigure.web.servlet.MockMvcPrintOnlyOnFailureTestExecutionListener@7f284218, org.springframework.boot.test.autoconfigure.web.servlet.WebDriverTestExecutionListener@407a7f2a]
13:35:27.729 [main] DEBUG org.springframework.test.context.junit4.SpringJUnit4ClassRunner - SpringJUnit4ClassRunner constructor called with [class com.challenge.suite.ChallengeControllerTest]
13:35:27.730 [main] DEBUG org.springframework.test.context.BootstrapUtils - Instantiating CacheAwareContextLoaderDelegate from class [org.springframework.test.context.cache.DefaultCacheAwareContextLoaderDelegate]
13:35:27.732 [main] DEBUG org.springframework.test.context.BootstrapUtils - Instantiating BootstrapContext using constructor [public org.springframework.test.context.support.DefaultBootstrapContext(java.lang.Class,org.springframework.test.context.CacheAwareContextLoaderDelegate)]
13:35:27.734 [main] DEBUG org.springframework.test.context.BootstrapUtils - Instantiating TestContextBootstrapper for test class [com.challenge.suite.ChallengeControllerTest] from class [org.springframework.boot.test.context.SpringBootTestContextBootstrapper]
13:35:27.736 [main] INFO org.springframework.boot.test.context.SpringBootTestContextBootstrapper - Neither @ContextConfiguration nor @ContextHierarchy found for test class [com.challenge.suite.ChallengeControllerTest], using SpringBootContextLoader
13:35:27.739 [main] DEBUG org.springframework.test.context.support.AbstractContextLoader - Did not detect default resource location for test class [com.challenge.suite.ChallengeControllerTest]: class path resource [com/challenge/suite/ChallengeControllerTest-context.xml] does not exist
13:35:27.741 [main] DEBUG org.springframework.test.context.support.AbstractContextLoader - Did not detect default resource location for test class [com.challenge.suite.ChallengeControllerTest]: class path resource [com/challenge/suite/ChallengeControllerTestContext.groovy] does not exist
13:35:27.742 [main] INFO org.springframework.test.context.support.AbstractContextLoader - Could not detect default resource locations for test class [com.challenge.suite.ChallengeControllerTest]: no resource found for suffixes {-context.xml, Context.groovy}.
13:35:27.751 [main] DEBUG org.springframework.test.context.support.ActiveProfilesUtils - Could not find an 'annotation declaring class' for annotation type [org.springframework.test.context.ActiveProfiles] and class [com.challenge.suite.ChallengeControllerTest]
13:35:27.763 [main] DEBUG org.springframework.boot.test.context.SpringBootTestContextBootstrapper - @TestExecutionListeners is not present for class [com.challenge.suite.ChallengeControllerTest]: using defaults.
13:35:27.764 [main] INFO org.springframework.boot.test.context.SpringBootTestContextBootstrapper - Loaded default TestExecutionListener class names from location [META-INF/spring.factories]: [org.springframework.boot.test.mock.mockito.MockitoTestExecutionListener, org.springframework.boot.test.mock.mockito.ResetMocksTestExecutionListener, org.springframework.boot.test.autoconfigure.restdocs.RestDocsTestExecutionListener, org.springframework.boot.test.autoconfigure.web.client.MockRestServiceServerResetTestExecutionListener, org.springframework.boot.test.autoconfigure.web.servlet.MockMvcPrintOnlyOnFailureTestExecutionListener, org.springframework.boot.test.autoconfigure.web.servlet.WebDriverTestExecutionListener, org.springframework.test.context.web.ServletTestExecutionListener, org.springframework.test.context.support.DirtiesContextBeforeModesTestExecutionListener, org.springframework.test.context.support.DependencyInjectionTestExecutionListener, org.springframework.test.context.support.DirtiesContextTestExecutionListener, org.springframework.test.context.transaction.TransactionalTestExecutionListener, org.springframework.test.context.jdbc.SqlScriptsTestExecutionListener]
13:35:27.764 [main] INFO org.springframework.boot.test.context.SpringBootTestContextBootstrapper - Using TestExecutionListeners: [org.springframework.test.context.web.ServletTestExecutionListener@3fa247d1, org.springframework.test.context.support.DirtiesContextBeforeModesTestExecutionListener@2cb2fc20, org.springframework.boot.test.mock.mockito.MockitoTestExecutionListener@4f4c4b1a, org.springframework.boot.test.autoconfigure.SpringBootDependencyInjectionTestExecutionListener@723e88f9, org.springframework.test.context.support.DirtiesContextTestExecutionListener@5f0fd5a0, org.springframework.test.context.transaction.TransactionalTestExecutionListener@64e7619d, org.springframework.test.context.jdbc.SqlScriptsTestExecutionListener@495ee280, org.springframework.boot.test.mock.mockito.ResetMocksTestExecutionListener@4fa1c212, org.springframework.boot.test.autoconfigure.restdocs.RestDocsTestExecutionListener@6ea2bc93, org.springframework.boot.test.autoconfigure.web.client.MockRestServiceServerResetTestExecutionListener@3116c353, org.springframework.boot.test.autoconfigure.web.servlet.MockMvcPrintOnlyOnFailureTestExecutionListener@f627d13, org.springframework.boot.test.autoconfigure.web.servlet.WebDriverTestExecutionListener@4e928fbf]
13:35:27.767 [main] DEBUG org.springframework.test.context.junit4.SpringJUnit4ClassRunner - SpringJUnit4ClassRunner constructor called with [class com.challenge.suite.CompanyControllerTest]
13:35:27.767 [main] DEBUG org.springframework.test.context.BootstrapUtils - Instantiating CacheAwareContextLoaderDelegate from class [org.springframework.test.context.cache.DefaultCacheAwareContextLoaderDelegate]
13:35:27.768 [main] DEBUG org.springframework.test.context.BootstrapUtils - Instantiating BootstrapContext using constructor [public org.springframework.test.context.support.DefaultBootstrapContext(java.lang.Class,org.springframework.test.context.CacheAwareContextLoaderDelegate)]
13:35:27.772 [main] DEBUG org.springframework.test.context.BootstrapUtils - Instantiating TestContextBootstrapper for test class [com.challenge.suite.CompanyControllerTest] from class [org.springframework.boot.test.context.SpringBootTestContextBootstrapper]
13:35:27.781 [main] INFO org.springframework.boot.test.context.SpringBootTestContextBootstrapper - Neither @ContextConfiguration nor @ContextHierarchy found for test class [com.challenge.suite.CompanyControllerTest], using SpringBootContextLoader
13:35:27.783 [main] DEBUG org.springframework.test.context.support.AbstractContextLoader - Did not detect default resource location for test class [com.challenge.suite.CompanyControllerTest]: class path resource [com/challenge/suite/CompanyControllerTest-context.xml] does not exist
13:35:27.787 [main] DEBUG org.springframework.test.context.support.AbstractContextLoader - Did not detect default resource location for test class [com.challenge.suite.CompanyControllerTest]: class path resource [com/challenge/suite/CompanyControllerTestContext.groovy] does not exist
13:35:27.788 [main] INFO org.springframework.test.context.support.AbstractContextLoader - Could not detect default resource locations for test class [com.challenge.suite.CompanyControllerTest]: no resource found for suffixes {-context.xml, Context.groovy}.
13:35:27.794 [main] DEBUG org.springframework.test.context.support.ActiveProfilesUtils - Could not find an 'annotation declaring class' for annotation type [org.springframework.test.context.ActiveProfiles] and class [com.challenge.suite.CompanyControllerTest]
13:35:27.798 [main] DEBUG org.springframework.boot.test.context.SpringBootTestContextBootstrapper - @TestExecutionListeners is not present for class [com.challenge.suite.CompanyControllerTest]: using defaults.
13:35:27.799 [main] INFO org.springframework.boot.test.context.SpringBootTestContextBootstrapper - Loaded default TestExecutionListener class names from location [META-INF/spring.factories]: [org.springframework.boot.test.mock.mockito.MockitoTestExecutionListener, org.springframework.boot.test.mock.mockito.ResetMocksTestExecutionListener, org.springframework.boot.test.autoconfigure.restdocs.RestDocsTestExecutionListener, org.springframework.boot.test.autoconfigure.web.client.MockRestServiceServerResetTestExecutionListener, org.springframework.boot.test.autoconfigure.web.servlet.MockMvcPrintOnlyOnFailureTestExecutionListener, org.springframework.boot.test.autoconfigure.web.servlet.WebDriverTestExecutionListener, org.springframework.test.context.web.ServletTestExecutionListener, org.springframework.test.context.support.DirtiesContextBeforeModesTestExecutionListener, org.springframework.test.context.support.DependencyInjectionTestExecutionListener, org.springframework.test.context.support.DirtiesContextTestExecutionListener, org.springframework.test.context.transaction.TransactionalTestExecutionListener, org.springframework.test.context.jdbc.SqlScriptsTestExecutionListener]
13:35:27.800 [main] INFO org.springframework.boot.test.context.SpringBootTestContextBootstrapper - Using TestExecutionListeners: [org.springframework.test.context.web.ServletTestExecutionListener@3e44f2a5, org.springframework.test.context.support.DirtiesContextBeforeModesTestExecutionListener@295cf707, org.springframework.boot.test.mock.mockito.MockitoTestExecutionListener@1130520d, org.springframework.boot.test.autoconfigure.SpringBootDependencyInjectionTestExecutionListener@5f77d0f9, org.springframework.test.context.support.DirtiesContextTestExecutionListener@463fd068, org.springframework.test.context.transaction.TransactionalTestExecutionListener@895e367, org.springframework.test.context.jdbc.SqlScriptsTestExecutionListener@1b266842, org.springframework.boot.test.mock.mockito.ResetMocksTestExecutionListener@7a3793c7, org.springframework.boot.test.autoconfigure.restdocs.RestDocsTestExecutionListener@42b3b079, org.springframework.boot.test.autoconfigure.web.client.MockRestServiceServerResetTestExecutionListener@651aed93, org.springframework.boot.test.autoconfigure.web.servlet.MockMvcPrintOnlyOnFailureTestExecutionListener@4dd6fd0a, org.springframework.boot.test.autoconfigure.web.servlet.WebDriverTestExecutionListener@bb9e6dc]
13:35:27.802 [main] DEBUG org.springframework.test.context.junit4.SpringJUnit4ClassRunner - SpringJUnit4ClassRunner constructor called with [class com.challenge.suite.SubmissionControllerTest]
13:35:27.802 [main] DEBUG org.springframework.test.context.BootstrapUtils - Instantiating CacheAwareContextLoaderDelegate from class [org.springframework.test.context.cache.DefaultCacheAwareContextLoaderDelegate]
13:35:27.802 [main] DEBUG org.springframework.test.context.BootstrapUtils - Instantiating BootstrapContext using constructor [public org.springframework.test.context.support.DefaultBootstrapContext(java.lang.Class,org.springframework.test.context.CacheAwareContextLoaderDelegate)]
13:35:27.803 [main] DEBUG org.springframework.test.context.BootstrapUtils - Instantiating TestContextBootstrapper for test class [com.challenge.suite.SubmissionControllerTest] from class [org.springframework.boot.test.context.SpringBootTestContextBootstrapper]
13:35:27.817 [main] INFO org.springframework.boot.test.context.SpringBootTestContextBootstrapper - Neither @ContextConfiguration nor @ContextHierarchy found for test class [com.challenge.suite.SubmissionControllerTest], using SpringBootContextLoader
13:35:27.818 [main] DEBUG org.springframework.test.context.support.AbstractContextLoader - Did not detect default resource location for test class [com.challenge.suite.SubmissionControllerTest]: class path resource [com/challenge/suite/SubmissionControllerTest-context.xml] does not exist
13:35:27.819 [main] DEBUG org.springframework.test.context.support.AbstractContextLoader - Did not detect default resource location for test class [com.challenge.suite.SubmissionControllerTest]: class path resource [com/challenge/suite/SubmissionControllerTestContext.groovy] does not exist
13:35:27.820 [main] INFO org.springframework.test.context.support.AbstractContextLoader - Could not detect default resource locations for test class [com.challenge.suite.SubmissionControllerTest]: no resource found for suffixes {-context.xml, Context.groovy}.
13:35:27.830 [main] DEBUG org.springframework.test.context.support.ActiveProfilesUtils - Could not find an 'annotation declaring class' for annotation type [org.springframework.test.context.ActiveProfiles] and class [com.challenge.suite.SubmissionControllerTest]
13:35:27.836 [main] DEBUG org.springframework.boot.test.context.SpringBootTestContextBootstrapper - @TestExecutionListeners is not present for class [com.challenge.suite.SubmissionControllerTest]: using defaults.
13:35:27.838 [main] INFO org.springframework.boot.test.context.SpringBootTestContextBootstrapper - Loaded default TestExecutionListener class names from location [META-INF/spring.factories]: [org.springframework.boot.test.mock.mockito.MockitoTestExecutionListener, org.springframework.boot.test.mock.mockito.ResetMocksTestExecutionListener, org.springframework.boot.test.autoconfigure.restdocs.RestDocsTestExecutionListener, org.springframework.boot.test.autoconfigure.web.client.MockRestServiceServerResetTestExecutionListener, org.springframework.boot.test.autoconfigure.web.servlet.MockMvcPrintOnlyOnFailureTestExecutionListener, org.springframework.boot.test.autoconfigure.web.servlet.WebDriverTestExecutionListener, org.springframework.test.context.web.ServletTestExecutionListener, org.springframework.test.context.support.DirtiesContextBeforeModesTestExecutionListener, org.springframework.test.context.support.DependencyInjectionTestExecutionListener, org.springframework.test.context.support.DirtiesContextTestExecutionListener, org.springframework.test.context.transaction.TransactionalTestExecutionListener, org.springframework.test.context.jdbc.SqlScriptsTestExecutionListener]
13:35:27.848 [main] INFO org.springframework.boot.test.context.SpringBootTestContextBootstrapper - Using TestExecutionListeners: [org.springframework.test.context.web.ServletTestExecutionListener@1cd629b3, org.springframework.test.context.support.DirtiesContextBeforeModesTestExecutionListener@589da3f3, org.springframework.boot.test.mock.mockito.MockitoTestExecutionListener@39d76cb5, org.springframework.boot.test.autoconfigure.SpringBootDependencyInjectionTestExecutionListener@4a00d9cf, org.springframework.test.context.support.DirtiesContextTestExecutionListener@6736fa8d, org.springframework.test.context.transaction.TransactionalTestExecutionListener@52815fa3, org.springframework.test.context.jdbc.SqlScriptsTestExecutionListener@50313382, org.springframework.boot.test.mock.mockito.ResetMocksTestExecutionListener@1cb346ea, org.springframework.boot.test.autoconfigure.restdocs.RestDocsTestExecutionListener@4c012563, org.springframework.boot.test.autoconfigure.web.client.MockRestServiceServerResetTestExecutionListener@14a50707, org.springframework.boot.test.autoconfigure.web.servlet.MockMvcPrintOnlyOnFailureTestExecutionListener@4d518b32, org.springframework.boot.test.autoconfigure.web.servlet.WebDriverTestExecutionListener@4bd31064]
13:35:27.855 [main] DEBUG org.springframework.test.context.junit4.SpringJUnit4ClassRunner - SpringJUnit4ClassRunner constructor called with [class com.challenge.suite.UserControllerTest]
13:35:27.856 [main] DEBUG org.springframework.test.context.BootstrapUtils - Instantiating CacheAwareContextLoaderDelegate from class [org.springframework.test.context.cache.DefaultCacheAwareContextLoaderDelegate]
13:35:27.856 [main] DEBUG org.springframework.test.context.BootstrapUtils - Instantiating BootstrapContext using constructor [public org.springframework.test.context.support.DefaultBootstrapContext(java.lang.Class,org.springframework.test.context.CacheAwareContextLoaderDelegate)]
13:35:27.859 [main] DEBUG org.springframework.test.context.BootstrapUtils - Instantiating TestContextBootstrapper for test class [com.challenge.suite.UserControllerTest] from class [org.springframework.boot.test.context.SpringBootTestContextBootstrapper]
13:35:27.860 [main] INFO org.springframework.boot.test.context.SpringBootTestContextBootstrapper - Neither @ContextConfiguration nor @ContextHierarchy found for test class [com.challenge.suite.UserControllerTest], using SpringBootContextLoader
13:35:27.862 [main] DEBUG org.springframework.test.context.support.AbstractContextLoader - Did not detect default resource location for test class [com.challenge.suite.UserControllerTest]: class path resource [com/challenge/suite/UserControllerTest-context.xml] does not exist
13:35:27.863 [main] DEBUG org.springframework.test.context.support.AbstractContextLoader - Did not detect default resource location for test class [com.challenge.suite.UserControllerTest]: class path resource [com/challenge/suite/UserControllerTestContext.groovy] does not exist
13:35:27.866 [main] INFO org.springframework.test.context.support.AbstractContextLoader - Could not detect default resource locations for test class [com.challenge.suite.UserControllerTest]: no resource found for suffixes {-context.xml, Context.groovy}.
13:35:27.880 [main] DEBUG org.springframework.test.context.support.ActiveProfilesUtils - Could not find an 'annotation declaring class' for annotation type [org.springframework.test.context.ActiveProfiles] and class [com.challenge.suite.UserControllerTest]
13:35:27.891 [main] DEBUG org.springframework.boot.test.context.SpringBootTestContextBootstrapper - @TestExecutionListeners is not present for class [com.challenge.suite.UserControllerTest]: using defaults.
13:35:27.891 [main] INFO org.springframework.boot.test.context.SpringBootTestContextBootstrapper - Loaded default TestExecutionListener class names from location [META-INF/spring.factories]: [org.springframework.boot.test.mock.mockito.MockitoTestExecutionListener, org.springframework.boot.test.mock.mockito.ResetMocksTestExecutionListener, org.springframework.boot.test.autoconfigure.restdocs.RestDocsTestExecutionListener, org.springframework.boot.test.autoconfigure.web.client.MockRestServiceServerResetTestExecutionListener, org.springframework.boot.test.autoconfigure.web.servlet.MockMvcPrintOnlyOnFailureTestExecutionListener, org.springframework.boot.test.autoconfigure.web.servlet.WebDriverTestExecutionListener, org.springframework.test.context.web.ServletTestExecutionListener, org.springframework.test.context.support.DirtiesContextBeforeModesTestExecutionListener, org.springframework.test.context.support.DependencyInjectionTestExecutionListener, org.springframework.test.context.support.DirtiesContextTestExecutionListener, org.springframework.test.context.transaction.TransactionalTestExecutionListener, org.springframework.test.context.jdbc.SqlScriptsTestExecutionListener]
13:35:27.893 [main] INFO org.springframework.boot.test.context.SpringBootTestContextBootstrapper - Using TestExecutionListeners: [org.springframework.test.context.web.ServletTestExecutionListener@4ef782af, org.springframework.test.context.support.DirtiesContextBeforeModesTestExecutionListener@11d8ae8b, org.springframework.boot.test.mock.mockito.MockitoTestExecutionListener@479cbee5, org.springframework.boot.test.autoconfigure.SpringBootDependencyInjectionTestExecutionListener@59e2d8e3, org.springframework.test.context.support.DirtiesContextTestExecutionListener@2b72cb8a, org.springframework.test.context.transaction.TransactionalTestExecutionListener@7f8a9499, org.springframework.test.context.jdbc.SqlScriptsTestExecutionListener@5d43661b, org.springframework.boot.test.mock.mockito.ResetMocksTestExecutionListener@12299890, org.springframework.boot.test.autoconfigure.restdocs.RestDocsTestExecutionListener@2fba3fc4, org.springframework.boot.test.autoconfigure.web.client.MockRestServiceServerResetTestExecutionListener@4bf48f6, org.springframework.boot.test.autoconfigure.web.servlet.MockMvcPrintOnlyOnFailureTestExecutionListener@420a85c4, org.springframework.boot.test.autoconfigure.web.servlet.WebDriverTestExecutionListener@1c39680d]
13:35:27.918 [main] DEBUG org.springframework.test.annotation.ProfileValueUtils - Retrieved @ProfileValueSourceConfiguration [null] for test class [com.challenge.suite.AccelerationControllerTest]
13:35:27.919 [main] DEBUG org.springframework.test.annotation.ProfileValueUtils - Retrieved ProfileValueSource type [class org.springframework.test.annotation.SystemProfileValueSource] for class [com.challenge.suite.AccelerationControllerTest]
13:35:27.920 [main] DEBUG org.springframework.test.annotation.ProfileValueUtils - Retrieved @ProfileValueSourceConfiguration [null] for test class [com.challenge.suite.CandidateControllerTest]
13:35:27.920 [main] DEBUG org.springframework.test.annotation.ProfileValueUtils - Retrieved ProfileValueSource type [class org.springframework.test.annotation.SystemProfileValueSource] for class [com.challenge.suite.CandidateControllerTest]
13:35:27.921 [main] DEBUG org.springframework.test.annotation.ProfileValueUtils - Retrieved @ProfileValueSourceConfiguration [null] for test class [com.challenge.suite.ChallengeControllerTest]
13:35:27.921 [main] DEBUG org.springframework.test.annotation.ProfileValueUtils - Retrieved ProfileValueSource type [class org.springframework.test.annotation.SystemProfileValueSource] for class [com.challenge.suite.ChallengeControllerTest]
13:35:27.922 [main] DEBUG org.springframework.test.annotation.ProfileValueUtils - Retrieved @ProfileValueSourceConfiguration [null] for test class [com.challenge.suite.CompanyControllerTest]
13:35:27.922 [main] DEBUG org.springframework.test.annotation.ProfileValueUtils - Retrieved ProfileValueSource type [class org.springframework.test.annotation.SystemProfileValueSource] for class [com.challenge.suite.CompanyControllerTest]
13:35:27.923 [main] DEBUG org.springframework.test.annotation.ProfileValueUtils - Retrieved @ProfileValueSourceConfiguration [null] for test class [com.challenge.suite.SubmissionControllerTest]
13:35:27.923 [main] DEBUG org.springframework.test.annotation.ProfileValueUtils - Retrieved ProfileValueSource type [class org.springframework.test.annotation.SystemProfileValueSource] for class [com.challenge.suite.SubmissionControllerTest]
13:35:27.924 [main] DEBUG org.springframework.test.annotation.ProfileValueUtils - Retrieved @ProfileValueSourceConfiguration [null] for test class [com.challenge.suite.UserControllerTest]
13:35:27.924 [main] DEBUG org.springframework.test.annotation.ProfileValueUtils - Retrieved ProfileValueSource type [class org.springframework.test.annotation.SystemProfileValueSource] for class [com.challenge.suite.UserControllerTest]
13:35:27.930 [main] DEBUG org.springframework.test.annotation.ProfileValueUtils - Retrieved @ProfileValueSourceConfiguration [null] for test class [com.challenge.suite.AccelerationControllerTest]
13:35:27.930 [main] DEBUG org.springframework.test.annotation.ProfileValueUtils - Retrieved ProfileValueSource type [class org.springframework.test.annotation.SystemProfileValueSource] for class [com.challenge.suite.AccelerationControllerTest]
13:35:27.931 [main] DEBUG org.springframework.test.annotation.ProfileValueUtils - Retrieved @ProfileValueSourceConfiguration [null] for test class [com.challenge.suite.CandidateControllerTest]
13:35:27.931 [main] DEBUG org.springframework.test.annotation.ProfileValueUtils - Retrieved ProfileValueSource type [class org.springframework.test.annotation.SystemProfileValueSource] for class [com.challenge.suite.CandidateControllerTest]
13:35:27.933 [main] DEBUG org.springframework.test.annotation.ProfileValueUtils - Retrieved @ProfileValueSourceConfiguration [null] for test class [com.challenge.suite.ChallengeControllerTest]
13:35:27.934 [main] DEBUG org.springframework.test.annotation.ProfileValueUtils - Retrieved ProfileValueSource type [class org.springframework.test.annotation.SystemProfileValueSource] for class [com.challenge.suite.ChallengeControllerTest]
13:35:27.934 [main] DEBUG org.springframework.test.annotation.ProfileValueUtils - Retrieved @ProfileValueSourceConfiguration [null] for test class [com.challenge.suite.CompanyControllerTest]
13:35:27.934 [main] DEBUG org.springframework.test.annotation.ProfileValueUtils - Retrieved ProfileValueSource type [class org.springframework.test.annotation.SystemProfileValueSource] for class [com.challenge.suite.CompanyControllerTest]
13:35:27.934 [main] DEBUG org.springframework.test.annotation.ProfileValueUtils - Retrieved @ProfileValueSourceConfiguration [null] for test class [com.challenge.suite.SubmissionControllerTest]
13:35:27.934 [main] DEBUG org.springframework.test.annotation.ProfileValueUtils - Retrieved ProfileValueSource type [class org.springframework.test.annotation.SystemProfileValueSource] for class [com.challenge.suite.SubmissionControllerTest]
13:35:27.935 [main] DEBUG org.springframework.test.annotation.ProfileValueUtils - Retrieved @ProfileValueSourceConfiguration [null] for test class [com.challenge.suite.UserControllerTest]
13:35:27.935 [main] DEBUG org.springframework.test.annotation.ProfileValueUtils - Retrieved ProfileValueSource type [class org.springframework.test.annotation.SystemProfileValueSource] for class [com.challenge.suite.UserControllerTest]
13:35:27.936 [main] DEBUG org.springframework.test.annotation.ProfileValueUtils - Retrieved @ProfileValueSourceConfiguration [null] for test class [com.challenge.suite.AccelerationControllerTest]
13:35:27.936 [main] DEBUG org.springframework.test.annotation.ProfileValueUtils - Retrieved ProfileValueSource type [class org.springframework.test.annotation.SystemProfileValueSource] for class [com.challenge.suite.AccelerationControllerTest]
13:35:27.936 [main] DEBUG org.springframework.test.annotation.ProfileValueUtils - Retrieved @ProfileValueSourceConfiguration [null] for test class [com.challenge.suite.AccelerationControllerTest]
13:35:27.937 [main] DEBUG org.springframework.test.annotation.ProfileValueUtils - Retrieved ProfileValueSource type [class org.springframework.test.annotation.SystemProfileValueSource] for class [com.challenge.suite.AccelerationControllerTest]
13:35:27.949 [main] DEBUG org.springframework.test.context.support.AbstractDirtiesContextTestExecutionListener - Before test class: context [DefaultTestContext@2b9ed6da testClass = AccelerationControllerTest, testInstance = [null], testMethod = [null], testException = [null], mergedContextConfiguration = [WebMergedContextConfiguration@6c61a903 testClass = AccelerationControllerTest, locations = '{}', classes = '{class com.challenge.SpringHttpApplication, class com.challenge.SpringHttpApplication}', contextInitializerClasses = '[]', activeProfiles = '{}', propertySourceLocations = '{}', propertySourceProperties = '{org.springframework.boot.test.context.SpringBootTestContextBootstrapper=true}', contextCustomizers = set[org.springframework.boot.test.context.filter.ExcludeFilterContextCustomizer@2525ff7e, org.springframework.boot.test.json.DuplicateJsonObjectContextCustomizerFactory$DuplicateJsonObjectContextCustomizer@44a7bfbc, org.springframework.boot.test.mock.mockito.MockitoContextCustomizer@0, org.springframework.boot.test.web.client.TestRestTemplateContextCustomizer@62e7f11d, org.springframework.boot.test.autoconfigure.properties.PropertyMappingContextCustomizer@0, org.springframework.boot.test.autoconfigure.web.servlet.WebDriverContextCustomizerFactory$Customizer@c333c60, org.springframework.test.context.web.socket.MockServerContainerContextCustomizer@67080771], resourceBasePath = 'src/main/webapp', contextLoader = 'org.springframework.boot.test.context.SpringBootContextLoader', parent = [null]], attributes = map['org.springframework.test.context.web.ServletTestExecutionListener.activateListener' -> true]], class annotated with @DirtiesContext [false] with mode [null].
13:35:27.952 [main] DEBUG org.springframework.test.annotation.ProfileValueUtils - Retrieved @ProfileValueSourceConfiguration [null] for test class [com.challenge.suite.AccelerationControllerTest]
13:35:27.952 [main] DEBUG org.springframework.test.annotation.ProfileValueUtils - Retrieved ProfileValueSource type [class org.springframework.test.annotation.SystemProfileValueSource] for class [com.challenge.suite.AccelerationControllerTest]
13:35:28.039 [main] DEBUG org.springframework.test.context.support.TestPropertySourceUtils - Adding inlined properties to environment: {spring.jmx.enabled=false, org.springframework.boot.test.context.SpringBootTestContextBootstrapper=true, server.port=-1}

  .   ____          _            __ _ _
 /\\ / ___'_ __ _ _(_)_ __  __ _ \ \ \ \
( ( )\___ | '_ | '_| | '_ \/ _` | \ \ \ \
 \\/  ___)| |_)| | | | | || (_| |  ) ) ) )
  '  |____| .__|_| |_|_| |_\__, | / / / /
 =========|_|==============|___/=/_/_/_/
 :: Spring Boot ::        (v2.1.6.RELEASE)

2021-06-18 13:35:30.609  INFO 31372 --- [           main] c.c.suite.AccelerationControllerTest     : Starting AccelerationControllerTest on danieleperse-dell-n4050 with PID 31372 (started by danieleperse in /home/danieleperse/codenation/java-11)
2021-06-18 13:35:30.625  INFO 31372 --- [           main] c.c.suite.AccelerationControllerTest     : No active profile set, falling back to default profiles: default
2021-06-18 13:35:34.154  INFO 31372 --- [           main] .s.d.r.c.RepositoryConfigurationDelegate : Bootstrapping Spring Data repositories in DEFAULT mode.
2021-06-18 13:35:34.428  INFO 31372 --- [           main] .s.d.r.c.RepositoryConfigurationDelegate : Finished Spring Data repository scanning in 260ms. Found 6 repository interfaces.
2021-06-18 13:35:35.890  INFO 31372 --- [           main] trationDelegate$BeanPostProcessorChecker : Bean 'org.springframework.transaction.annotation.ProxyTransactionManagementConfiguration' of type [org.springframework.transaction.annotation.ProxyTransactionManagementConfiguration$$EnhancerBySpringCGLIB$$78089e80] is not eligible for getting processed by all BeanPostProcessors (for example: not eligible for auto-proxying)
2021-06-18 13:35:38.545  INFO 31372 --- [           main] com.zaxxer.hikari.HikariDataSource       : HikariPool-1 - Starting...
2021-06-18 13:35:39.114  INFO 31372 --- [           main] com.zaxxer.hikari.HikariDataSource       : HikariPool-1 - Start completed.
2021-06-18 13:35:39.357  INFO 31372 --- [           main] o.hibernate.jpa.internal.util.LogHelper  : HHH000204: Processing PersistenceUnitInfo [
	name: default
	...]
2021-06-18 13:35:39.555  INFO 31372 --- [           main] org.hibernate.Version                    : HHH000412: Hibernate Core {5.3.10.Final}
2021-06-18 13:35:39.559  INFO 31372 --- [           main] org.hibernate.cfg.Environment            : HHH000206: hibernate.properties not found
2021-06-18 13:35:39.906  INFO 31372 --- [           main] o.hibernate.annotations.common.Version   : HCANN000001: Hibernate Commons Annotations {5.0.4.Final}
2021-06-18 13:35:40.227  INFO 31372 --- [           main] org.hibernate.dialect.Dialect            : HHH000400: Using dialect: org.hibernate.dialect.H2Dialect
Hibernate: drop table acceleration if exists
Hibernate: drop table candidate if exists
Hibernate: drop table challenge if exists
Hibernate: drop table company if exists
Hibernate: drop table submission if exists
Hibernate: drop table users if exists
Hibernate: create table acceleration (id bigint generated by default as identity, created_at timestamp, name varchar(100) not null, slug varchar(50) not null, challenge_id bigint, primary key (id))
Hibernate: create table candidate (created_at timestamp, status integer not null, user_id bigint not null, company_id bigint not null, acceleration_id bigint not null, primary key (acceleration_id, company_id, user_id))
Hibernate: create table challenge (id bigint generated by default as identity, created_at timestamp, name varchar(100) not null, slug varchar(50) not null, primary key (id))
Hibernate: create table company (id bigint generated by default as identity, created_at timestamp, name varchar(100) not null, slug varchar(50) not null, primary key (id))
Hibernate: create table submission (created_at timestamp, score float not null, user_id bigint not null, challenge_id bigint not null, primary key (challenge_id, user_id))
Hibernate: create table users (id bigint generated by default as identity, created_at timestamp, email varchar(100) not null, full_name varchar(100) not null, nickname varchar(50) not null, password varchar(255) not null, primary key (id))
Hibernate: alter table acceleration add constraint FK6bucejmky2hqhcmj6vexf9tkp foreign key (challenge_id) references challenge
Hibernate: alter table candidate add constraint FKc23nbdgfce6rnt56ofltvxu71 foreign key (user_id) references users
Hibernate: alter table candidate add constraint FK5859evebv1forwxno1dj2x73m foreign key (company_id) references company
Hibernate: alter table candidate add constraint FK9wdl31wkstau7n5wckm5prkdg foreign key (acceleration_id) references acceleration
Hibernate: alter table submission add constraint FKioe5xddu66v3aktrkyxj4vfx9 foreign key (user_id) references users
Hibernate: alter table submission add constraint FK5w6mihcq53t1j5x2cmgy640cm foreign key (challenge_id) references challenge
2021-06-18 13:35:42.168  INFO 31372 --- [           main] o.h.t.schema.internal.SchemaCreatorImpl  : HHH000476: Executing import script 'org.hibernate.tool.schema.internal.exec.ScriptSourceInputNonExistentImpl@33e4068'
2021-06-18 13:35:42.175  INFO 31372 --- [           main] j.LocalContainerEntityManagerFactoryBean : Initialized JPA EntityManagerFactory for persistence unit 'default'
2021-06-18 13:35:44.594  INFO 31372 --- [           main] o.h.h.i.QueryTranslatorFactoryInitiator  : HHH000397: Using ASTQueryTranslatorFactory
2021-06-18 13:35:47.478  INFO 31372 --- [           main] o.s.s.concurrent.ThreadPoolTaskExecutor  : Initializing ExecutorService 'applicationTaskExecutor'
2021-06-18 13:35:47.590  WARN 31372 --- [           main] aWebConfiguration$JpaWebMvcConfiguration : spring.jpa.open-in-view is enabled by default. Therefore, database queries may be performed during view rendering. Explicitly configure spring.jpa.open-in-view to disable this warning
2021-06-18 13:35:49.243  INFO 31372 --- [           main] o.s.b.a.e.web.EndpointLinksResolver      : Exposing 2 endpoint(s) beneath base path '/actuator'
2021-06-18 13:35:49.384  INFO 31372 --- [           main] c.c.suite.AccelerationControllerTest     : Started AccelerationControllerTest in 21.329 seconds (JVM running for 24.191)
2021-06-18 13:35:49.454  INFO 31372 --- [           main] o.s.t.c.transaction.TransactionContext   : Began transaction (1) for test context [DefaultTestContext@2b9ed6da testClass = AccelerationControllerTest, testInstance = com.challenge.suite.AccelerationControllerTest@77e261e3, testMethod = findAll@AccelerationControllerTest, testException = [null], mergedContextConfiguration = [WebMergedContextConfiguration@6c61a903 testClass = AccelerationControllerTest, locations = '{}', classes = '{class com.challenge.SpringHttpApplication, class com.challenge.SpringHttpApplication}', contextInitializerClasses = '[]', activeProfiles = '{}', propertySourceLocations = '{}', propertySourceProperties = '{org.springframework.boot.test.context.SpringBootTestContextBootstrapper=true}', contextCustomizers = set[org.springframework.boot.test.context.filter.ExcludeFilterContextCustomizer@2525ff7e, org.springframework.boot.test.json.DuplicateJsonObjectContextCustomizerFactory$DuplicateJsonObjectContextCustomizer@44a7bfbc, org.springframework.boot.test.mock.mockito.MockitoContextCustomizer@0, org.springframework.boot.test.web.client.TestRestTemplateContextCustomizer@62e7f11d, org.springframework.boot.test.autoconfigure.properties.PropertyMappingContextCustomizer@0, org.springframework.boot.test.autoconfigure.web.servlet.WebDriverContextCustomizerFactory$Customizer@c333c60, org.springframework.test.context.web.socket.MockServerContainerContextCustomizer@67080771], resourceBasePath = 'src/main/webapp', contextLoader = 'org.springframework.boot.test.context.SpringBootContextLoader', parent = [null]], attributes = map['org.springframework.test.context.web.ServletTestExecutionListener.activateListener' -> true, 'org.springframework.test.context.web.ServletTestExecutionListener.populatedRequestContextHolder' -> true, 'org.springframework.test.context.web.ServletTestExecutionListener.resetRequestContextHolder' -> true]]; transaction manager [org.springframework.orm.jpa.JpaTransactionManager@7657d29f]; rollback [true]
2021-06-18 13:35:49.655  INFO 31372 --- [           main] o.s.b.t.m.w.SpringBootMockServletContext : Initializing Spring TestDispatcherServlet ''
2021-06-18 13:35:49.655  INFO 31372 --- [           main] o.s.t.web.servlet.TestDispatcherServlet  : Initializing Servlet ''
2021-06-18 13:35:49.679  INFO 31372 --- [           main] o.s.t.web.servlet.TestDispatcherServlet  : Completed initialization in 23 ms
2021-06-18 13:35:49.760  WARN 31372 --- [           main] .w.s.m.s.DefaultHandlerExceptionResolver : Resolved [org.springframework.web.bind.MissingServletRequestParameterException: Required Long parameter 'idCompany' is not present]
2021-06-18 13:35:49.779  INFO 31372 --- [           main] o.s.t.c.transaction.TransactionContext   : Rolled back transaction for test: [DefaultTestContext@2b9ed6da testClass = AccelerationControllerTest, testInstance = com.challenge.suite.AccelerationControllerTest@77e261e3, testMethod = findAll@AccelerationControllerTest, testException = java.lang.AssertionError: expected:<200> but was:<400>, mergedContextConfiguration = [WebMergedContextConfiguration@6c61a903 testClass = AccelerationControllerTest, locations = '{}', classes = '{class com.challenge.SpringHttpApplication, class com.challenge.SpringHttpApplication}', contextInitializerClasses = '[]', activeProfiles = '{}', propertySourceLocations = '{}', propertySourceProperties = '{org.springframework.boot.test.context.SpringBootTestContextBootstrapper=true}', contextCustomizers = set[org.springframework.boot.test.context.filter.ExcludeFilterContextCustomizer@2525ff7e, org.springframework.boot.test.json.DuplicateJsonObjectContextCustomizerFactory$DuplicateJsonObjectContextCustomizer@44a7bfbc, org.springframework.boot.test.mock.mockito.MockitoContextCustomizer@0, org.springframework.boot.test.web.client.TestRestTemplateContextCustomizer@62e7f11d, org.springframework.boot.test.autoconfigure.properties.PropertyMappingContextCustomizer@0, org.springframework.boot.test.autoconfigure.web.servlet.WebDriverContextCustomizerFactory$Customizer@c333c60, org.springframework.test.context.web.socket.MockServerContainerContextCustomizer@67080771], resourceBasePath = 'src/main/webapp', contextLoader = 'org.springframework.boot.test.context.SpringBootContextLoader', parent = [null]], attributes = map['org.springframework.test.context.web.ServletTestExecutionListener.activateListener' -> true, 'org.springframework.test.context.web.ServletTestExecutionListener.populatedRequestContextHolder' -> true, 'org.springframework.test.context.web.ServletTestExecutionListener.resetRequestContextHolder' -> true]]
2021-06-18 13:35:49.796  INFO 31372 --- [           main] o.s.t.c.transaction.TransactionContext   : Began transaction (1) for test context [DefaultTestContext@2b9ed6da testClass = AccelerationControllerTest, testInstance = com.challenge.suite.AccelerationControllerTest@5b7d5eca, testMethod = findById@AccelerationControllerTest, testException = [null], mergedContextConfiguration = [WebMergedContextConfiguration@6c61a903 testClass = AccelerationControllerTest, locations = '{}', classes = '{class com.challenge.SpringHttpApplication, class com.challenge.SpringHttpApplication}', contextInitializerClasses = '[]', activeProfiles = '{}', propertySourceLocations = '{}', propertySourceProperties = '{org.springframework.boot.test.context.SpringBootTestContextBootstrapper=true}', contextCustomizers = set[org.springframework.boot.test.context.filter.ExcludeFilterContextCustomizer@2525ff7e, org.springframework.boot.test.json.DuplicateJsonObjectContextCustomizerFactory$DuplicateJsonObjectContextCustomizer@44a7bfbc, org.springframework.boot.test.mock.mockito.MockitoContextCustomizer@0, org.springframework.boot.test.web.client.TestRestTemplateContextCustomizer@62e7f11d, org.springframework.boot.test.autoconfigure.properties.PropertyMappingContextCustomizer@0, org.springframework.boot.test.autoconfigure.web.servlet.WebDriverContextCustomizerFactory$Customizer@c333c60, org.springframework.test.context.web.socket.MockServerContainerContextCustomizer@67080771], resourceBasePath = 'src/main/webapp', contextLoader = 'org.springframework.boot.test.context.SpringBootContextLoader', parent = [null]], attributes = map['org.springframework.test.context.web.ServletTestExecutionListener.activateListener' -> true, 'org.springframework.test.context.web.ServletTestExecutionListener.populatedRequestContextHolder' -> true, 'org.springframework.test.context.web.ServletTestExecutionListener.resetRequestContextHolder' -> true]]; transaction manager [org.springframework.orm.jpa.JpaTransactionManager@7657d29f]; rollback [true]
2021-06-18 13:35:49.817  INFO 31372 --- [           main] o.s.b.t.m.w.SpringBootMockServletContext : Initializing Spring TestDispatcherServlet ''
2021-06-18 13:35:49.817  INFO 31372 --- [           main] o.s.t.web.servlet.TestDispatcherServlet  : Initializing Servlet ''
2021-06-18 13:35:49.832  INFO 31372 --- [           main] o.s.t.web.servlet.TestDispatcherServlet  : Completed initialization in 15 ms
2021-06-18 13:35:49.846  WARN 31372 --- [           main] .w.s.m.s.DefaultHandlerExceptionResolver : Resolved [org.springframework.web.bind.MissingPathVariableException: Missing URI template variable 'idAcceleration' for method parameter of type Long]
2021-06-18 13:35:49.862  INFO 31372 --- [           main] o.s.t.c.transaction.TransactionContext   : Rolled back transaction for test: [DefaultTestContext@2b9ed6da testClass = AccelerationControllerTest, testInstance = com.challenge.suite.AccelerationControllerTest@5b7d5eca, testMethod = findById@AccelerationControllerTest, testException = java.lang.AssertionError: expected:<200> but was:<500>, mergedContextConfiguration = [WebMergedContextConfiguration@6c61a903 testClass = AccelerationControllerTest, locations = '{}', classes = '{class com.challenge.SpringHttpApplication, class com.challenge.SpringHttpApplication}', contextInitializerClasses = '[]', activeProfiles = '{}', propertySourceLocations = '{}', propertySourceProperties = '{org.springframework.boot.test.context.SpringBootTestContextBootstrapper=true}', contextCustomizers = set[org.springframework.boot.test.context.filter.ExcludeFilterContextCustomizer@2525ff7e, org.springframework.boot.test.json.DuplicateJsonObjectContextCustomizerFactory$DuplicateJsonObjectContextCustomizer@44a7bfbc, org.springframework.boot.test.mock.mockito.MockitoContextCustomizer@0, org.springframework.boot.test.web.client.TestRestTemplateContextCustomizer@62e7f11d, org.springframework.boot.test.autoconfigure.properties.PropertyMappingContextCustomizer@0, org.springframework.boot.test.autoconfigure.web.servlet.WebDriverContextCustomizerFactory$Customizer@c333c60, org.springframework.test.context.web.socket.MockServerContainerContextCustomizer@67080771], resourceBasePath = 'src/main/webapp', contextLoader = 'org.springframework.boot.test.context.SpringBootContextLoader', parent = [null]], attributes = map['org.springframework.test.context.web.ServletTestExecutionListener.activateListener' -> true, 'org.springframework.test.context.web.ServletTestExecutionListener.populatedRequestContextHolder' -> true, 'org.springframework.test.context.web.ServletTestExecutionListener.resetRequestContextHolder' -> true]]
2021-06-18 13:35:49.871  INFO 31372 --- [           main] o.s.t.c.transaction.TransactionContext   : Began transaction (1) for test context [DefaultTestContext@ce5a2ea testClass = CandidateControllerTest, testInstance = com.challenge.suite.CandidateControllerTest@37a0c3c6, testMethod = findAll@CandidateControllerTest, testException = [null], mergedContextConfiguration = [WebMergedContextConfiguration@5de32e00 testClass = CandidateControllerTest, locations = '{}', classes = '{class com.challenge.SpringHttpApplication, class com.challenge.SpringHttpApplication}', contextInitializerClasses = '[]', activeProfiles = '{}', propertySourceLocations = '{}', propertySourceProperties = '{org.springframework.boot.test.context.SpringBootTestContextBootstrapper=true}', contextCustomizers = set[org.springframework.boot.test.context.filter.ExcludeFilterContextCustomizer@2525ff7e, org.springframework.boot.test.json.DuplicateJsonObjectContextCustomizerFactory$DuplicateJsonObjectContextCustomizer@44a7bfbc, org.springframework.boot.test.mock.mockito.MockitoContextCustomizer@0, org.springframework.boot.test.web.client.TestRestTemplateContextCustomizer@62e7f11d, org.springframework.boot.test.autoconfigure.properties.PropertyMappingContextCustomizer@0, org.springframework.boot.test.autoconfigure.web.servlet.WebDriverContextCustomizerFactory$Customizer@c333c60, org.springframework.test.context.web.socket.MockServerContainerContextCustomizer@67080771], resourceBasePath = 'src/main/webapp', contextLoader = 'org.springframework.boot.test.context.SpringBootContextLoader', parent = [null]], attributes = map['org.springframework.test.context.web.ServletTestExecutionListener.activateListener' -> true, 'org.springframework.test.context.web.ServletTestExecutionListener.populatedRequestContextHolder' -> true, 'org.springframework.test.context.web.ServletTestExecutionListener.resetRequestContextHolder' -> true]]; transaction manager [org.springframework.orm.jpa.JpaTransactionManager@7657d29f]; rollback [true]
2021-06-18 13:35:49.907  INFO 31372 --- [           main] o.s.b.t.m.w.SpringBootMockServletContext : Initializing Spring TestDispatcherServlet ''
2021-06-18 13:35:49.921  INFO 31372 --- [           main] o.s.t.web.servlet.TestDispatcherServlet  : Initializing Servlet ''
2021-06-18 13:35:49.933  INFO 31372 --- [           main] o.s.t.web.servlet.TestDispatcherServlet  : Completed initialization in 11 ms
Hibernate: select candidate0_.acceleration_id as accelera5_1_, candidate0_.company_id as company_4_1_, candidate0_.user_id as user_id3_1_, candidate0_.created_at as created_1_1_, candidate0_.status as status2_1_ from candidate candidate0_ where candidate0_.company_id=?
Hibernate: select accelerati0_.id as id1_0_0_, accelerati0_.challenge_id as challeng5_0_0_, accelerati0_.created_at as created_2_0_0_, accelerati0_.name as name3_0_0_, accelerati0_.slug as slug4_0_0_, challenge1_.id as id1_2_1_, challenge1_.created_at as created_2_2_1_, challenge1_.name as name3_2_1_, challenge1_.slug as slug4_2_1_ from acceleration accelerati0_ left outer join challenge challenge1_ on accelerati0_.challenge_id=challenge1_.id where accelerati0_.id=?
Hibernate: select company0_.id as id1_3_0_, company0_.created_at as created_2_3_0_, company0_.name as name3_3_0_, company0_.slug as slug4_3_0_ from company company0_ where company0_.id=?
Hibernate: select user0_.id as id1_5_0_, user0_.created_at as created_2_5_0_, user0_.email as email3_5_0_, user0_.full_name as full_nam4_5_0_, user0_.nickname as nickname5_5_0_, user0_.password as password6_5_0_ from users user0_ where user0_.id=?
Hibernate: select user0_.id as id1_5_0_, user0_.created_at as created_2_5_0_, user0_.email as email3_5_0_, user0_.full_name as full_nam4_5_0_, user0_.nickname as nickname5_5_0_, user0_.password as password6_5_0_ from users user0_ where user0_.id=?
Hibernate: select user0_.id as id1_5_0_, user0_.created_at as created_2_5_0_, user0_.email as email3_5_0_, user0_.full_name as full_nam4_5_0_, user0_.nickname as nickname5_5_0_, user0_.password as password6_5_0_ from users user0_ where user0_.id=?
2021-06-18 13:35:50.237  INFO 31372 --- [           main] o.s.t.c.transaction.TransactionContext   : Rolled back transaction for test: [DefaultTestContext@ce5a2ea testClass = CandidateControllerTest, testInstance = com.challenge.suite.CandidateControllerTest@37a0c3c6, testMethod = findAll@CandidateControllerTest, testException = [null], mergedContextConfiguration = [WebMergedContextConfiguration@5de32e00 testClass = CandidateControllerTest, locations = '{}', classes = '{class com.challenge.SpringHttpApplication, class com.challenge.SpringHttpApplication}', contextInitializerClasses = '[]', activeProfiles = '{}', propertySourceLocations = '{}', propertySourceProperties = '{org.springframework.boot.test.context.SpringBootTestContextBootstrapper=true}', contextCustomizers = set[org.springframework.boot.test.context.filter.ExcludeFilterContextCustomizer@2525ff7e, org.springframework.boot.test.json.DuplicateJsonObjectContextCustomizerFactory$DuplicateJsonObjectContextCustomizer@44a7bfbc, org.springframework.boot.test.mock.mockito.MockitoContextCustomizer@0, org.springframework.boot.test.web.client.TestRestTemplateContextCustomizer@62e7f11d, org.springframework.boot.test.autoconfigure.properties.PropertyMappingContextCustomizer@0, org.springframework.boot.test.autoconfigure.web.servlet.WebDriverContextCustomizerFactory$Customizer@c333c60, org.springframework.test.context.web.socket.MockServerContainerContextCustomizer@67080771], resourceBasePath = 'src/main/webapp', contextLoader = 'org.springframework.boot.test.context.SpringBootContextLoader', parent = [null]], attributes = map['org.springframework.test.context.web.ServletTestExecutionListener.activateListener' -> true, 'org.springframework.test.context.web.ServletTestExecutionListener.populatedRequestContextHolder' -> true, 'org.springframework.test.context.web.ServletTestExecutionListener.resetRequestContextHolder' -> true]]
2021-06-18 13:35:50.242  INFO 31372 --- [           main] o.s.t.c.transaction.TransactionContext   : Began transaction (1) for test context [DefaultTestContext@ce5a2ea testClass = CandidateControllerTest, testInstance = com.challenge.suite.CandidateControllerTest@20ee660b, testMethod = findById@CandidateControllerTest, testException = [null], mergedContextConfiguration = [WebMergedContextConfiguration@5de32e00 testClass = CandidateControllerTest, locations = '{}', classes = '{class com.challenge.SpringHttpApplication, class com.challenge.SpringHttpApplication}', contextInitializerClasses = '[]', activeProfiles = '{}', propertySourceLocations = '{}', propertySourceProperties = '{org.springframework.boot.test.context.SpringBootTestContextBootstrapper=true}', contextCustomizers = set[org.springframework.boot.test.context.filter.ExcludeFilterContextCustomizer@2525ff7e, org.springframework.boot.test.json.DuplicateJsonObjectContextCustomizerFactory$DuplicateJsonObjectContextCustomizer@44a7bfbc, org.springframework.boot.test.mock.mockito.MockitoContextCustomizer@0, org.springframework.boot.test.web.client.TestRestTemplateContextCustomizer@62e7f11d, org.springframework.boot.test.autoconfigure.properties.PropertyMappingContextCustomizer@0, org.springframework.boot.test.autoconfigure.web.servlet.WebDriverContextCustomizerFactory$Customizer@c333c60, org.springframework.test.context.web.socket.MockServerContainerContextCustomizer@67080771], resourceBasePath = 'src/main/webapp', contextLoader = 'org.springframework.boot.test.context.SpringBootContextLoader', parent = [null]], attributes = map['org.springframework.test.context.web.ServletTestExecutionListener.activateListener' -> true, 'org.springframework.test.context.web.ServletTestExecutionListener.populatedRequestContextHolder' -> true, 'org.springframework.test.context.web.ServletTestExecutionListener.resetRequestContextHolder' -> true]]; transaction manager [org.springframework.orm.jpa.JpaTransactionManager@7657d29f]; rollback [true]
2021-06-18 13:35:50.273  INFO 31372 --- [           main] o.s.b.t.m.w.SpringBootMockServletContext : Initializing Spring TestDispatcherServlet ''
2021-06-18 13:35:50.274  INFO 31372 --- [           main] o.s.t.web.servlet.TestDispatcherServlet  : Initializing Servlet ''
2021-06-18 13:35:50.288  INFO 31372 --- [           main] o.s.t.web.servlet.TestDispatcherServlet  : Completed initialization in 7 ms
Hibernate: select candidate0_.acceleration_id as accelera5_1_, candidate0_.company_id as company_4_1_, candidate0_.user_id as user_id3_1_, candidate0_.created_at as created_1_1_, candidate0_.status as status2_1_ from candidate candidate0_ where candidate0_.user_id=? and candidate0_.company_id=? and candidate0_.acceleration_id=?
2021-06-18 13:35:50.344  INFO 31372 --- [           main] o.s.t.c.transaction.TransactionContext   : Rolled back transaction for test: [DefaultTestContext@ce5a2ea testClass = CandidateControllerTest, testInstance = com.challenge.suite.CandidateControllerTest@20ee660b, testMethod = findById@CandidateControllerTest, testException = org.springframework.web.util.NestedServletException: Request processing failed; nested exception is java.lang.RuntimeException, mergedContextConfiguration = [WebMergedContextConfiguration@5de32e00 testClass = CandidateControllerTest, locations = '{}', classes = '{class com.challenge.SpringHttpApplication, class com.challenge.SpringHttpApplication}', contextInitializerClasses = '[]', activeProfiles = '{}', propertySourceLocations = '{}', propertySourceProperties = '{org.springframework.boot.test.context.SpringBootTestContextBootstrapper=true}', contextCustomizers = set[org.springframework.boot.test.context.filter.ExcludeFilterContextCustomizer@2525ff7e, org.springframework.boot.test.json.DuplicateJsonObjectContextCustomizerFactory$DuplicateJsonObjectContextCustomizer@44a7bfbc, org.springframework.boot.test.mock.mockito.MockitoContextCustomizer@0, org.springframework.boot.test.web.client.TestRestTemplateContextCustomizer@62e7f11d, org.springframework.boot.test.autoconfigure.properties.PropertyMappingContextCustomizer@0, org.springframework.boot.test.autoconfigure.web.servlet.WebDriverContextCustomizerFactory$Customizer@c333c60, org.springframework.test.context.web.socket.MockServerContainerContextCustomizer@67080771], resourceBasePath = 'src/main/webapp', contextLoader = 'org.springframework.boot.test.context.SpringBootContextLoader', parent = [null]], attributes = map['org.springframework.test.context.web.ServletTestExecutionListener.activateListener' -> true, 'org.springframework.test.context.web.ServletTestExecutionListener.populatedRequestContextHolder' -> true, 'org.springframework.test.context.web.ServletTestExecutionListener.resetRequestContextHolder' -> true]]
2021-06-18 13:35:50.356  INFO 31372 --- [           main] o.s.t.c.transaction.TransactionContext   : Began transaction (1) for test context [DefaultTestContext@4b407ac7 testClass = ChallengeControllerTest, testInstance = com.challenge.suite.ChallengeControllerTest@4c5ae26d, testMethod = findAll@ChallengeControllerTest, testException = [null], mergedContextConfiguration = [WebMergedContextConfiguration@5578ed7e testClass = ChallengeControllerTest, locations = '{}', classes = '{class com.challenge.SpringHttpApplication, class com.challenge.SpringHttpApplication}', contextInitializerClasses = '[]', activeProfiles = '{}', propertySourceLocations = '{}', propertySourceProperties = '{org.springframework.boot.test.context.SpringBootTestContextBootstrapper=true}', contextCustomizers = set[org.springframework.boot.test.context.filter.ExcludeFilterContextCustomizer@2525ff7e, org.springframework.boot.test.json.DuplicateJsonObjectContextCustomizerFactory$DuplicateJsonObjectContextCustomizer@44a7bfbc, org.springframework.boot.test.mock.mockito.MockitoContextCustomizer@0, org.springframework.boot.test.web.client.TestRestTemplateContextCustomizer@62e7f11d, org.springframework.boot.test.autoconfigure.properties.PropertyMappingContextCustomizer@0, org.springframework.boot.test.autoconfigure.web.servlet.WebDriverContextCustomizerFactory$Customizer@c333c60, org.springframework.test.context.web.socket.MockServerContainerContextCustomizer@67080771], resourceBasePath = 'src/main/webapp', contextLoader = 'org.springframework.boot.test.context.SpringBootContextLoader', parent = [null]], attributes = map['org.springframework.test.context.web.ServletTestExecutionListener.activateListener' -> true, 'org.springframework.test.context.web.ServletTestExecutionListener.populatedRequestContextHolder' -> true, 'org.springframework.test.context.web.ServletTestExecutionListener.resetRequestContextHolder' -> true]]; transaction manager [org.springframework.orm.jpa.JpaTransactionManager@7657d29f]; rollback [true]
2021-06-18 13:35:50.394  INFO 31372 --- [           main] o.s.b.t.m.w.SpringBootMockServletContext : Initializing Spring TestDispatcherServlet ''
2021-06-18 13:35:50.394  INFO 31372 --- [           main] o.s.t.web.servlet.TestDispatcherServlet  : Initializing Servlet ''
2021-06-18 13:35:50.419  INFO 31372 --- [           main] o.s.t.web.servlet.TestDispatcherServlet  : Completed initialization in 19 ms
Hibernate: select distinct challenge0_.id as id1_2_, challenge0_.created_at as created_2_2_, challenge0_.name as name3_2_, challenge0_.slug as slug4_2_ from challenge challenge0_ inner join acceleration accelerati1_ on challenge0_.id=accelerati1_.challenge_id inner join candidate candidates2_ on accelerati1_.id=candidates2_.acceleration_id inner join users user3_ on candidates2_.user_id=user3_.id where user3_.id=? and accelerati1_.id=?
2021-06-18 13:35:50.489  INFO 31372 --- [           main] o.s.t.c.transaction.TransactionContext   : Rolled back transaction for test: [DefaultTestContext@4b407ac7 testClass = ChallengeControllerTest, testInstance = com.challenge.suite.ChallengeControllerTest@4c5ae26d, testMethod = findAll@ChallengeControllerTest, testException = [null], mergedContextConfiguration = [WebMergedContextConfiguration@5578ed7e testClass = ChallengeControllerTest, locations = '{}', classes = '{class com.challenge.SpringHttpApplication, class com.challenge.SpringHttpApplication}', contextInitializerClasses = '[]', activeProfiles = '{}', propertySourceLocations = '{}', propertySourceProperties = '{org.springframework.boot.test.context.SpringBootTestContextBootstrapper=true}', contextCustomizers = set[org.springframework.boot.test.context.filter.ExcludeFilterContextCustomizer@2525ff7e, org.springframework.boot.test.json.DuplicateJsonObjectContextCustomizerFactory$DuplicateJsonObjectContextCustomizer@44a7bfbc, org.springframework.boot.test.mock.mockito.MockitoContextCustomizer@0, org.springframework.boot.test.web.client.TestRestTemplateContextCustomizer@62e7f11d, org.springframework.boot.test.autoconfigure.properties.PropertyMappingContextCustomizer@0, org.springframework.boot.test.autoconfigure.web.servlet.WebDriverContextCustomizerFactory$Customizer@c333c60, org.springframework.test.context.web.socket.MockServerContainerContextCustomizer@67080771], resourceBasePath = 'src/main/webapp', contextLoader = 'org.springframework.boot.test.context.SpringBootContextLoader', parent = [null]], attributes = map['org.springframework.test.context.web.ServletTestExecutionListener.activateListener' -> true, 'org.springframework.test.context.web.ServletTestExecutionListener.populatedRequestContextHolder' -> true, 'org.springframework.test.context.web.ServletTestExecutionListener.resetRequestContextHolder' -> true]]
2021-06-18 13:35:50.502  INFO 31372 --- [           main] o.s.t.c.transaction.TransactionContext   : Began transaction (1) for test context [DefaultTestContext@179f30b7 testClass = CompanyControllerTest, testInstance = com.challenge.suite.CompanyControllerTest@64864875, testMethod = findAllByUserId@CompanyControllerTest, testException = [null], mergedContextConfiguration = [WebMergedContextConfiguration@12ae75f1 testClass = CompanyControllerTest, locations = '{}', classes = '{class com.challenge.SpringHttpApplication, class com.challenge.SpringHttpApplication}', contextInitializerClasses = '[]', activeProfiles = '{}', propertySourceLocations = '{}', propertySourceProperties = '{org.springframework.boot.test.context.SpringBootTestContextBootstrapper=true}', contextCustomizers = set[org.springframework.boot.test.context.filter.ExcludeFilterContextCustomizer@2525ff7e, org.springframework.boot.test.json.DuplicateJsonObjectContextCustomizerFactory$DuplicateJsonObjectContextCustomizer@44a7bfbc, org.springframework.boot.test.mock.mockito.MockitoContextCustomizer@0, org.springframework.boot.test.web.client.TestRestTemplateContextCustomizer@62e7f11d, org.springframework.boot.test.autoconfigure.properties.PropertyMappingContextCustomizer@0, org.springframework.boot.test.autoconfigure.web.servlet.WebDriverContextCustomizerFactory$Customizer@c333c60, org.springframework.test.context.web.socket.MockServerContainerContextCustomizer@67080771], resourceBasePath = 'src/main/webapp', contextLoader = 'org.springframework.boot.test.context.SpringBootContextLoader', parent = [null]], attributes = map['org.springframework.test.context.web.ServletTestExecutionListener.activateListener' -> true, 'org.springframework.test.context.web.ServletTestExecutionListener.populatedRequestContextHolder' -> true, 'org.springframework.test.context.web.ServletTestExecutionListener.resetRequestContextHolder' -> true]]; transaction manager [org.springframework.orm.jpa.JpaTransactionManager@7657d29f]; rollback [true]
2021-06-18 13:35:50.562  INFO 31372 --- [           main] o.s.b.t.m.w.SpringBootMockServletContext : Initializing Spring TestDispatcherServlet ''
2021-06-18 13:35:50.562  INFO 31372 --- [           main] o.s.t.web.servlet.TestDispatcherServlet  : Initializing Servlet ''
2021-06-18 13:35:50.578  INFO 31372 --- [           main] o.s.t.web.servlet.TestDispatcherServlet  : Completed initialization in 13 ms
2021-06-18 13:35:50.594  INFO 31372 --- [           main] o.s.t.c.transaction.TransactionContext   : Rolled back transaction for test: [DefaultTestContext@179f30b7 testClass = CompanyControllerTest, testInstance = com.challenge.suite.CompanyControllerTest@64864875, testMethod = findAllByUserId@CompanyControllerTest, testException = java.lang.AssertionError: expected:<200> but was:<404>, mergedContextConfiguration = [WebMergedContextConfiguration@12ae75f1 testClass = CompanyControllerTest, locations = '{}', classes = '{class com.challenge.SpringHttpApplication, class com.challenge.SpringHttpApplication}', contextInitializerClasses = '[]', activeProfiles = '{}', propertySourceLocations = '{}', propertySourceProperties = '{org.springframework.boot.test.context.SpringBootTestContextBootstrapper=true}', contextCustomizers = set[org.springframework.boot.test.context.filter.ExcludeFilterContextCustomizer@2525ff7e, org.springframework.boot.test.json.DuplicateJsonObjectContextCustomizerFactory$DuplicateJsonObjectContextCustomizer@44a7bfbc, org.springframework.boot.test.mock.mockito.MockitoContextCustomizer@0, org.springframework.boot.test.web.client.TestRestTemplateContextCustomizer@62e7f11d, org.springframework.boot.test.autoconfigure.properties.PropertyMappingContextCustomizer@0, org.springframework.boot.test.autoconfigure.web.servlet.WebDriverContextCustomizerFactory$Customizer@c333c60, org.springframework.test.context.web.socket.MockServerContainerContextCustomizer@67080771], resourceBasePath = 'src/main/webapp', contextLoader = 'org.springframework.boot.test.context.SpringBootContextLoader', parent = [null]], attributes = map['org.springframework.test.context.web.ServletTestExecutionListener.activateListener' -> true, 'org.springframework.test.context.web.ServletTestExecutionListener.populatedRequestContextHolder' -> true, 'org.springframework.test.context.web.ServletTestExecutionListener.resetRequestContextHolder' -> true]]
2021-06-18 13:35:50.604  INFO 31372 --- [           main] o.s.t.c.transaction.TransactionContext   : Began transaction (1) for test context [DefaultTestContext@179f30b7 testClass = CompanyControllerTest, testInstance = com.challenge.suite.CompanyControllerTest@376c5950, testMethod = findById@CompanyControllerTest, testException = [null], mergedContextConfiguration = [WebMergedContextConfiguration@12ae75f1 testClass = CompanyControllerTest, locations = '{}', classes = '{class com.challenge.SpringHttpApplication, class com.challenge.SpringHttpApplication}', contextInitializerClasses = '[]', activeProfiles = '{}', propertySourceLocations = '{}', propertySourceProperties = '{org.springframework.boot.test.context.SpringBootTestContextBootstrapper=true}', contextCustomizers = set[org.springframework.boot.test.context.filter.ExcludeFilterContextCustomizer@2525ff7e, org.springframework.boot.test.json.DuplicateJsonObjectContextCustomizerFactory$DuplicateJsonObjectContextCustomizer@44a7bfbc, org.springframework.boot.test.mock.mockito.MockitoContextCustomizer@0, org.springframework.boot.test.web.client.TestRestTemplateContextCustomizer@62e7f11d, org.springframework.boot.test.autoconfigure.properties.PropertyMappingContextCustomizer@0, org.springframework.boot.test.autoconfigure.web.servlet.WebDriverContextCustomizerFactory$Customizer@c333c60, org.springframework.test.context.web.socket.MockServerContainerContextCustomizer@67080771], resourceBasePath = 'src/main/webapp', contextLoader = 'org.springframework.boot.test.context.SpringBootContextLoader', parent = [null]], attributes = map['org.springframework.test.context.web.ServletTestExecutionListener.activateListener' -> true, 'org.springframework.test.context.web.ServletTestExecutionListener.populatedRequestContextHolder' -> true, 'org.springframework.test.context.web.ServletTestExecutionListener.resetRequestContextHolder' -> true]]; transaction manager [org.springframework.orm.jpa.JpaTransactionManager@7657d29f]; rollback [true]
2021-06-18 13:35:50.621  INFO 31372 --- [           main] o.s.b.t.m.w.SpringBootMockServletContext : Initializing Spring TestDispatcherServlet ''
2021-06-18 13:35:50.621  INFO 31372 --- [           main] o.s.t.web.servlet.TestDispatcherServlet  : Initializing Servlet ''
2021-06-18 13:35:50.632  INFO 31372 --- [           main] o.s.t.web.servlet.TestDispatcherServlet  : Completed initialization in 10 ms
2021-06-18 13:35:50.637  WARN 31372 --- [           main] .w.s.m.s.DefaultHandlerExceptionResolver : Resolved [org.springframework.web.bind.MissingPathVariableException: Missing URI template variable 'idCompany' for method parameter of type Long]
2021-06-18 13:35:50.644  INFO 31372 --- [           main] o.s.t.c.transaction.TransactionContext   : Rolled back transaction for test: [DefaultTestContext@179f30b7 testClass = CompanyControllerTest, testInstance = com.challenge.suite.CompanyControllerTest@376c5950, testMethod = findById@CompanyControllerTest, testException = java.lang.AssertionError: expected:<200> but was:<500>, mergedContextConfiguration = [WebMergedContextConfiguration@12ae75f1 testClass = CompanyControllerTest, locations = '{}', classes = '{class com.challenge.SpringHttpApplication, class com.challenge.SpringHttpApplication}', contextInitializerClasses = '[]', activeProfiles = '{}', propertySourceLocations = '{}', propertySourceProperties = '{org.springframework.boot.test.context.SpringBootTestContextBootstrapper=true}', contextCustomizers = set[org.springframework.boot.test.context.filter.ExcludeFilterContextCustomizer@2525ff7e, org.springframework.boot.test.json.DuplicateJsonObjectContextCustomizerFactory$DuplicateJsonObjectContextCustomizer@44a7bfbc, org.springframework.boot.test.mock.mockito.MockitoContextCustomizer@0, org.springframework.boot.test.web.client.TestRestTemplateContextCustomizer@62e7f11d, org.springframework.boot.test.autoconfigure.properties.PropertyMappingContextCustomizer@0, org.springframework.boot.test.autoconfigure.web.servlet.WebDriverContextCustomizerFactory$Customizer@c333c60, org.springframework.test.context.web.socket.MockServerContainerContextCustomizer@67080771], resourceBasePath = 'src/main/webapp', contextLoader = 'org.springframework.boot.test.context.SpringBootContextLoader', parent = [null]], attributes = map['org.springframework.test.context.web.ServletTestExecutionListener.activateListener' -> true, 'org.springframework.test.context.web.ServletTestExecutionListener.populatedRequestContextHolder' -> true, 'org.springframework.test.context.web.ServletTestExecutionListener.resetRequestContextHolder' -> true]]
2021-06-18 13:35:50.648  INFO 31372 --- [           main] o.s.t.c.transaction.TransactionContext   : Began transaction (1) for test context [DefaultTestContext@179f30b7 testClass = CompanyControllerTest, testInstance = com.challenge.suite.CompanyControllerTest@7d2ddbf3, testMethod = findAllByAccelerationId@CompanyControllerTest, testException = [null], mergedContextConfiguration = [WebMergedContextConfiguration@12ae75f1 testClass = CompanyControllerTest, locations = '{}', classes = '{class com.challenge.SpringHttpApplication, class com.challenge.SpringHttpApplication}', contextInitializerClasses = '[]', activeProfiles = '{}', propertySourceLocations = '{}', propertySourceProperties = '{org.springframework.boot.test.context.SpringBootTestContextBootstrapper=true}', contextCustomizers = set[org.springframework.boot.test.context.filter.ExcludeFilterContextCustomizer@2525ff7e, org.springframework.boot.test.json.DuplicateJsonObjectContextCustomizerFactory$DuplicateJsonObjectContextCustomizer@44a7bfbc, org.springframework.boot.test.mock.mockito.MockitoContextCustomizer@0, org.springframework.boot.test.web.client.TestRestTemplateContextCustomizer@62e7f11d, org.springframework.boot.test.autoconfigure.properties.PropertyMappingContextCustomizer@0, org.springframework.boot.test.autoconfigure.web.servlet.WebDriverContextCustomizerFactory$Customizer@c333c60, org.springframework.test.context.web.socket.MockServerContainerContextCustomizer@67080771], resourceBasePath = 'src/main/webapp', contextLoader = 'org.springframework.boot.test.context.SpringBootContextLoader', parent = [null]], attributes = map['org.springframework.test.context.web.ServletTestExecutionListener.activateListener' -> true, 'org.springframework.test.context.web.ServletTestExecutionListener.populatedRequestContextHolder' -> true, 'org.springframework.test.context.web.ServletTestExecutionListener.resetRequestContextHolder' -> true]]; transaction manager [org.springframework.orm.jpa.JpaTransactionManager@7657d29f]; rollback [true]
2021-06-18 13:35:50.664  INFO 31372 --- [           main] o.s.b.t.m.w.SpringBootMockServletContext : Initializing Spring TestDispatcherServlet ''
2021-06-18 13:35:50.664  INFO 31372 --- [           main] o.s.t.web.servlet.TestDispatcherServlet  : Initializing Servlet ''
2021-06-18 13:35:50.672  INFO 31372 --- [           main] o.s.t.web.servlet.TestDispatcherServlet  : Completed initialization in 8 ms
2021-06-18 13:35:50.687  INFO 31372 --- [           main] o.s.t.c.transaction.TransactionContext   : Rolled back transaction for test: [DefaultTestContext@179f30b7 testClass = CompanyControllerTest, testInstance = com.challenge.suite.CompanyControllerTest@7d2ddbf3, testMethod = findAllByAccelerationId@CompanyControllerTest, testException = java.lang.AssertionError: expected:<200> but was:<404>, mergedContextConfiguration = [WebMergedContextConfiguration@12ae75f1 testClass = CompanyControllerTest, locations = '{}', classes = '{class com.challenge.SpringHttpApplication, class com.challenge.SpringHttpApplication}', contextInitializerClasses = '[]', activeProfiles = '{}', propertySourceLocations = '{}', propertySourceProperties = '{org.springframework.boot.test.context.SpringBootTestContextBootstrapper=true}', contextCustomizers = set[org.springframework.boot.test.context.filter.ExcludeFilterContextCustomizer@2525ff7e, org.springframework.boot.test.json.DuplicateJsonObjectContextCustomizerFactory$DuplicateJsonObjectContextCustomizer@44a7bfbc, org.springframework.boot.test.mock.mockito.MockitoContextCustomizer@0, org.springframework.boot.test.web.client.TestRestTemplateContextCustomizer@62e7f11d, org.springframework.boot.test.autoconfigure.properties.PropertyMappingContextCustomizer@0, org.springframework.boot.test.autoconfigure.web.servlet.WebDriverContextCustomizerFactory$Customizer@c333c60, org.springframework.test.context.web.socket.MockServerContainerContextCustomizer@67080771], resourceBasePath = 'src/main/webapp', contextLoader = 'org.springframework.boot.test.context.SpringBootContextLoader', parent = [null]], attributes = map['org.springframework.test.context.web.ServletTestExecutionListener.activateListener' -> true, 'org.springframework.test.context.web.ServletTestExecutionListener.populatedRequestContextHolder' -> true, 'org.springframework.test.context.web.ServletTestExecutionListener.resetRequestContextHolder' -> true]]
2021-06-18 13:35:50.694  INFO 31372 --- [           main] o.s.t.c.transaction.TransactionContext   : Began transaction (1) for test context [DefaultTestContext@3f119b55 testClass = SubmissionControllerTest, testInstance = com.challenge.suite.SubmissionControllerTest@64dcfd09, testMethod = findAll@SubmissionControllerTest, testException = [null], mergedContextConfiguration = [WebMergedContextConfiguration@fefd4a2 testClass = SubmissionControllerTest, locations = '{}', classes = '{class com.challenge.SpringHttpApplication, class com.challenge.SpringHttpApplication}', contextInitializerClasses = '[]', activeProfiles = '{}', propertySourceLocations = '{}', propertySourceProperties = '{org.springframework.boot.test.context.SpringBootTestContextBootstrapper=true}', contextCustomizers = set[org.springframework.boot.test.context.filter.ExcludeFilterContextCustomizer@2525ff7e, org.springframework.boot.test.json.DuplicateJsonObjectContextCustomizerFactory$DuplicateJsonObjectContextCustomizer@44a7bfbc, org.springframework.boot.test.mock.mockito.MockitoContextCustomizer@0, org.springframework.boot.test.web.client.TestRestTemplateContextCustomizer@62e7f11d, org.springframework.boot.test.autoconfigure.properties.PropertyMappingContextCustomizer@0, org.springframework.boot.test.autoconfigure.web.servlet.WebDriverContextCustomizerFactory$Customizer@c333c60, org.springframework.test.context.web.socket.MockServerContainerContextCustomizer@67080771], resourceBasePath = 'src/main/webapp', contextLoader = 'org.springframework.boot.test.context.SpringBootContextLoader', parent = [null]], attributes = map['org.springframework.test.context.web.ServletTestExecutionListener.activateListener' -> true, 'org.springframework.test.context.web.ServletTestExecutionListener.populatedRequestContextHolder' -> true, 'org.springframework.test.context.web.ServletTestExecutionListener.resetRequestContextHolder' -> true]]; transaction manager [org.springframework.orm.jpa.JpaTransactionManager@7657d29f]; rollback [true]
2021-06-18 13:35:50.751  INFO 31372 --- [           main] o.s.b.t.m.w.SpringBootMockServletContext : Initializing Spring TestDispatcherServlet ''
2021-06-18 13:35:50.752  INFO 31372 --- [           main] o.s.t.web.servlet.TestDispatcherServlet  : Initializing Servlet ''
2021-06-18 13:35:50.768  INFO 31372 --- [           main] o.s.t.web.servlet.TestDispatcherServlet  : Completed initialization in 16 ms
Hibernate: select submission0_.challenge_id as challeng4_4_, submission0_.user_id as user_id3_4_, submission0_.created_at as created_1_4_, submission0_.score as score2_4_ from submission submission0_ inner join challenge challenge1_ on submission0_.challenge_id=challenge1_.id inner join acceleration accelerati2_ on challenge1_.id=accelerati2_.challenge_id where accelerati2_.id=? and challenge1_.id=?
Hibernate: select challenge0_.id as id1_2_0_, challenge0_.created_at as created_2_2_0_, challenge0_.name as name3_2_0_, challenge0_.slug as slug4_2_0_ from challenge challenge0_ where challenge0_.id=?
Hibernate: select user0_.id as id1_5_0_, user0_.created_at as created_2_5_0_, user0_.email as email3_5_0_, user0_.full_name as full_nam4_5_0_, user0_.nickname as nickname5_5_0_, user0_.password as password6_5_0_ from users user0_ where user0_.id=?
Hibernate: select user0_.id as id1_5_0_, user0_.created_at as created_2_5_0_, user0_.email as email3_5_0_, user0_.full_name as full_nam4_5_0_, user0_.nickname as nickname5_5_0_, user0_.password as password6_5_0_ from users user0_ where user0_.id=?
Hibernate: select user0_.id as id1_5_0_, user0_.created_at as created_2_5_0_, user0_.email as email3_5_0_, user0_.full_name as full_nam4_5_0_, user0_.nickname as nickname5_5_0_, user0_.password as password6_5_0_ from users user0_ where user0_.id=?
2021-06-18 13:35:50.827  INFO 31372 --- [           main] o.s.t.c.transaction.TransactionContext   : Rolled back transaction for test: [DefaultTestContext@3f119b55 testClass = SubmissionControllerTest, testInstance = com.challenge.suite.SubmissionControllerTest@64dcfd09, testMethod = findAll@SubmissionControllerTest, testException = [null], mergedContextConfiguration = [WebMergedContextConfiguration@fefd4a2 testClass = SubmissionControllerTest, locations = '{}', classes = '{class com.challenge.SpringHttpApplication, class com.challenge.SpringHttpApplication}', contextInitializerClasses = '[]', activeProfiles = '{}', propertySourceLocations = '{}', propertySourceProperties = '{org.springframework.boot.test.context.SpringBootTestContextBootstrapper=true}', contextCustomizers = set[org.springframework.boot.test.context.filter.ExcludeFilterContextCustomizer@2525ff7e, org.springframework.boot.test.json.DuplicateJsonObjectContextCustomizerFactory$DuplicateJsonObjectContextCustomizer@44a7bfbc, org.springframework.boot.test.mock.mockito.MockitoContextCustomizer@0, org.springframework.boot.test.web.client.TestRestTemplateContextCustomizer@62e7f11d, org.springframework.boot.test.autoconfigure.properties.PropertyMappingContextCustomizer@0, org.springframework.boot.test.autoconfigure.web.servlet.WebDriverContextCustomizerFactory$Customizer@c333c60, org.springframework.test.context.web.socket.MockServerContainerContextCustomizer@67080771], resourceBasePath = 'src/main/webapp', contextLoader = 'org.springframework.boot.test.context.SpringBootContextLoader', parent = [null]], attributes = map['org.springframework.test.context.web.ServletTestExecutionListener.activateListener' -> true, 'org.springframework.test.context.web.ServletTestExecutionListener.populatedRequestContextHolder' -> true, 'org.springframework.test.context.web.ServletTestExecutionListener.resetRequestContextHolder' -> true]]
2021-06-18 13:35:50.833  INFO 31372 --- [           main] o.s.t.c.transaction.TransactionContext   : Began transaction (1) for test context [DefaultTestContext@66c88fce testClass = UserControllerTest, testInstance = com.challenge.suite.UserControllerTest@6ccfce5a, testMethod = findById@UserControllerTest, testException = [null], mergedContextConfiguration = [WebMergedContextConfiguration@68a7bc12 testClass = UserControllerTest, locations = '{}', classes = '{class com.challenge.SpringHttpApplication, class com.challenge.SpringHttpApplication}', contextInitializerClasses = '[]', activeProfiles = '{}', propertySourceLocations = '{}', propertySourceProperties = '{org.springframework.boot.test.context.SpringBootTestContextBootstrapper=true}', contextCustomizers = set[org.springframework.boot.test.context.filter.ExcludeFilterContextCustomizer@2525ff7e, org.springframework.boot.test.json.DuplicateJsonObjectContextCustomizerFactory$DuplicateJsonObjectContextCustomizer@44a7bfbc, org.springframework.boot.test.mock.mockito.MockitoContextCustomizer@0, org.springframework.boot.test.web.client.TestRestTemplateContextCustomizer@62e7f11d, org.springframework.boot.test.autoconfigure.properties.PropertyMappingContextCustomizer@0, org.springframework.boot.test.autoconfigure.web.servlet.WebDriverContextCustomizerFactory$Customizer@c333c60, org.springframework.test.context.web.socket.MockServerContainerContextCustomizer@67080771], resourceBasePath = 'src/main/webapp', contextLoader = 'org.springframework.boot.test.context.SpringBootContextLoader', parent = [null]], attributes = map['org.springframework.test.context.web.ServletTestExecutionListener.activateListener' -> true, 'org.springframework.test.context.web.ServletTestExecutionListener.populatedRequestContextHolder' -> true, 'org.springframework.test.context.web.ServletTestExecutionListener.resetRequestContextHolder' -> true]]; transaction manager [org.springframework.orm.jpa.JpaTransactionManager@7657d29f]; rollback [true]
2021-06-18 13:35:50.860  INFO 31372 --- [           main] o.s.b.t.m.w.SpringBootMockServletContext : Initializing Spring TestDispatcherServlet ''
2021-06-18 13:35:50.860  INFO 31372 --- [           main] o.s.t.web.servlet.TestDispatcherServlet  : Initializing Servlet ''
2021-06-18 13:35:50.867  INFO 31372 --- [           main] o.s.t.web.servlet.TestDispatcherServlet  : Completed initialization in 7 ms
Hibernate: select user0_.id as id1_5_0_, user0_.created_at as created_2_5_0_, user0_.email as email3_5_0_, user0_.full_name as full_nam4_5_0_, user0_.nickname as nickname5_5_0_, user0_.password as password6_5_0_ from users user0_ where user0_.id=?
2021-06-18 13:35:50.916  INFO 31372 --- [           main] o.s.t.c.transaction.TransactionContext   : Rolled back transaction for test: [DefaultTestContext@66c88fce testClass = UserControllerTest, testInstance = com.challenge.suite.UserControllerTest@6ccfce5a, testMethod = findById@UserControllerTest, testException = [null], mergedContextConfiguration = [WebMergedContextConfiguration@68a7bc12 testClass = UserControllerTest, locations = '{}', classes = '{class com.challenge.SpringHttpApplication, class com.challenge.SpringHttpApplication}', contextInitializerClasses = '[]', activeProfiles = '{}', propertySourceLocations = '{}', propertySourceProperties = '{org.springframework.boot.test.context.SpringBootTestContextBootstrapper=true}', contextCustomizers = set[org.springframework.boot.test.context.filter.ExcludeFilterContextCustomizer@2525ff7e, org.springframework.boot.test.json.DuplicateJsonObjectContextCustomizerFactory$DuplicateJsonObjectContextCustomizer@44a7bfbc, org.springframework.boot.test.mock.mockito.MockitoContextCustomizer@0, org.springframework.boot.test.web.client.TestRestTemplateContextCustomizer@62e7f11d, org.springframework.boot.test.autoconfigure.properties.PropertyMappingContextCustomizer@0, org.springframework.boot.test.autoconfigure.web.servlet.WebDriverContextCustomizerFactory$Customizer@c333c60, org.springframework.test.context.web.socket.MockServerContainerContextCustomizer@67080771], resourceBasePath = 'src/main/webapp', contextLoader = 'org.springframework.boot.test.context.SpringBootContextLoader', parent = [null]], attributes = map['org.springframework.test.context.web.ServletTestExecutionListener.activateListener' -> true, 'org.springframework.test.context.web.ServletTestExecutionListener.populatedRequestContextHolder' -> true, 'org.springframework.test.context.web.ServletTestExecutionListener.resetRequestContextHolder' -> true]]
2021-06-18 13:35:50.925  INFO 31372 --- [           main] o.s.t.c.transaction.TransactionContext   : Began transaction (1) for test context [DefaultTestContext@66c88fce testClass = UserControllerTest, testInstance = com.challenge.suite.UserControllerTest@534c3b9d, testMethod = findByCompanyId@UserControllerTest, testException = [null], mergedContextConfiguration = [WebMergedContextConfiguration@68a7bc12 testClass = UserControllerTest, locations = '{}', classes = '{class com.challenge.SpringHttpApplication, class com.challenge.SpringHttpApplication}', contextInitializerClasses = '[]', activeProfiles = '{}', propertySourceLocations = '{}', propertySourceProperties = '{org.springframework.boot.test.context.SpringBootTestContextBootstrapper=true}', contextCustomizers = set[org.springframework.boot.test.context.filter.ExcludeFilterContextCustomizer@2525ff7e, org.springframework.boot.test.json.DuplicateJsonObjectContextCustomizerFactory$DuplicateJsonObjectContextCustomizer@44a7bfbc, org.springframework.boot.test.mock.mockito.MockitoContextCustomizer@0, org.springframework.boot.test.web.client.TestRestTemplateContextCustomizer@62e7f11d, org.springframework.boot.test.autoconfigure.properties.PropertyMappingContextCustomizer@0, org.springframework.boot.test.autoconfigure.web.servlet.WebDriverContextCustomizerFactory$Customizer@c333c60, org.springframework.test.context.web.socket.MockServerContainerContextCustomizer@67080771], resourceBasePath = 'src/main/webapp', contextLoader = 'org.springframework.boot.test.context.SpringBootContextLoader', parent = [null]], attributes = map['org.springframework.test.context.web.ServletTestExecutionListener.activateListener' -> true, 'org.springframework.test.context.web.ServletTestExecutionListener.populatedRequestContextHolder' -> true, 'org.springframework.test.context.web.ServletTestExecutionListener.resetRequestContextHolder' -> true]]; transaction manager [org.springframework.orm.jpa.JpaTransactionManager@7657d29f]; rollback [true]
2021-06-18 13:35:50.940  INFO 31372 --- [           main] o.s.b.t.m.w.SpringBootMockServletContext : Initializing Spring TestDispatcherServlet ''
2021-06-18 13:35:50.941  INFO 31372 --- [           main] o.s.t.web.servlet.TestDispatcherServlet  : Initializing Servlet ''
2021-06-18 13:35:50.961  INFO 31372 --- [           main] o.s.t.web.servlet.TestDispatcherServlet  : Completed initialization in 20 ms
Hibernate: select user0_.id as id1_5_, user0_.created_at as created_2_5_, user0_.email as email3_5_, user0_.full_name as full_nam4_5_, user0_.nickname as nickname5_5_, user0_.password as password6_5_ from users user0_ left outer join candidate candidates1_ on user0_.id=candidates1_.user_id where candidates1_.company_id=?
2021-06-18 13:35:50.995  INFO 31372 --- [           main] o.s.t.c.transaction.TransactionContext   : Rolled back transaction for test: [DefaultTestContext@66c88fce testClass = UserControllerTest, testInstance = com.challenge.suite.UserControllerTest@534c3b9d, testMethod = findByCompanyId@UserControllerTest, testException = [null], mergedContextConfiguration = [WebMergedContextConfiguration@68a7bc12 testClass = UserControllerTest, locations = '{}', classes = '{class com.challenge.SpringHttpApplication, class com.challenge.SpringHttpApplication}', contextInitializerClasses = '[]', activeProfiles = '{}', propertySourceLocations = '{}', propertySourceProperties = '{org.springframework.boot.test.context.SpringBootTestContextBootstrapper=true}', contextCustomizers = set[org.springframework.boot.test.context.filter.ExcludeFilterContextCustomizer@2525ff7e, org.springframework.boot.test.json.DuplicateJsonObjectContextCustomizerFactory$DuplicateJsonObjectContextCustomizer@44a7bfbc, org.springframework.boot.test.mock.mockito.MockitoContextCustomizer@0, org.springframework.boot.test.web.client.TestRestTemplateContextCustomizer@62e7f11d, org.springframework.boot.test.autoconfigure.properties.PropertyMappingContextCustomizer@0, org.springframework.boot.test.autoconfigure.web.servlet.WebDriverContextCustomizerFactory$Customizer@c333c60, org.springframework.test.context.web.socket.MockServerContainerContextCustomizer@67080771], resourceBasePath = 'src/main/webapp', contextLoader = 'org.springframework.boot.test.context.SpringBootContextLoader', parent = [null]], attributes = map['org.springframework.test.context.web.ServletTestExecutionListener.activateListener' -> true, 'org.springframework.test.context.web.ServletTestExecutionListener.populatedRequestContextHolder' -> true, 'org.springframework.test.context.web.ServletTestExecutionListener.resetRequestContextHolder' -> true]]
2021-06-18 13:35:51.000  INFO 31372 --- [           main] o.s.t.c.transaction.TransactionContext   : Began transaction (1) for test context [DefaultTestContext@66c88fce testClass = UserControllerTest, testInstance = com.challenge.suite.UserControllerTest@2f1b8770, testMethod = findByAccelerationName@UserControllerTest, testException = [null], mergedContextConfiguration = [WebMergedContextConfiguration@68a7bc12 testClass = UserControllerTest, locations = '{}', classes = '{class com.challenge.SpringHttpApplication, class com.challenge.SpringHttpApplication}', contextInitializerClasses = '[]', activeProfiles = '{}', propertySourceLocations = '{}', propertySourceProperties = '{org.springframework.boot.test.context.SpringBootTestContextBootstrapper=true}', contextCustomizers = set[org.springframework.boot.test.context.filter.ExcludeFilterContextCustomizer@2525ff7e, org.springframework.boot.test.json.DuplicateJsonObjectContextCustomizerFactory$DuplicateJsonObjectContextCustomizer@44a7bfbc, org.springframework.boot.test.mock.mockito.MockitoContextCustomizer@0, org.springframework.boot.test.web.client.TestRestTemplateContextCustomizer@62e7f11d, org.springframework.boot.test.autoconfigure.properties.PropertyMappingContextCustomizer@0, org.springframework.boot.test.autoconfigure.web.servlet.WebDriverContextCustomizerFactory$Customizer@c333c60, org.springframework.test.context.web.socket.MockServerContainerContextCustomizer@67080771], resourceBasePath = 'src/main/webapp', contextLoader = 'org.springframework.boot.test.context.SpringBootContextLoader', parent = [null]], attributes = map['org.springframework.test.context.web.ServletTestExecutionListener.activateListener' -> true, 'org.springframework.test.context.web.ServletTestExecutionListener.populatedRequestContextHolder' -> true, 'org.springframework.test.context.web.ServletTestExecutionListener.resetRequestContextHolder' -> true]]; transaction manager [org.springframework.orm.jpa.JpaTransactionManager@7657d29f]; rollback [true]
2021-06-18 13:35:51.014  INFO 31372 --- [           main] o.s.b.t.m.w.SpringBootMockServletContext : Initializing Spring TestDispatcherServlet ''
2021-06-18 13:35:51.014  INFO 31372 --- [           main] o.s.t.web.servlet.TestDispatcherServlet  : Initializing Servlet ''
2021-06-18 13:35:51.020  INFO 31372 --- [           main] o.s.t.web.servlet.TestDispatcherServlet  : Completed initialization in 6 ms
Hibernate: select user0_.id as id1_5_, user0_.created_at as created_2_5_, user0_.email as email3_5_, user0_.full_name as full_nam4_5_, user0_.nickname as nickname5_5_, user0_.password as password6_5_ from users user0_ left outer join candidate candidates1_ on user0_.id=candidates1_.user_id cross join acceleration accelerati2_ where candidates1_.acceleration_id=accelerati2_.id and accelerati2_.name=?
2021-06-18 13:35:51.058  INFO 31372 --- [           main] o.s.t.c.transaction.TransactionContext   : Rolled back transaction for test: [DefaultTestContext@66c88fce testClass = UserControllerTest, testInstance = com.challenge.suite.UserControllerTest@2f1b8770, testMethod = findByAccelerationName@UserControllerTest, testException = [null], mergedContextConfiguration = [WebMergedContextConfiguration@68a7bc12 testClass = UserControllerTest, locations = '{}', classes = '{class com.challenge.SpringHttpApplication, class com.challenge.SpringHttpApplication}', contextInitializerClasses = '[]', activeProfiles = '{}', propertySourceLocations = '{}', propertySourceProperties = '{org.springframework.boot.test.context.SpringBootTestContextBootstrapper=true}', contextCustomizers = set[org.springframework.boot.test.context.filter.ExcludeFilterContextCustomizer@2525ff7e, org.springframework.boot.test.json.DuplicateJsonObjectContextCustomizerFactory$DuplicateJsonObjectContextCustomizer@44a7bfbc, org.springframework.boot.test.mock.mockito.MockitoContextCustomizer@0, org.springframework.boot.test.web.client.TestRestTemplateContextCustomizer@62e7f11d, org.springframework.boot.test.autoconfigure.properties.PropertyMappingContextCustomizer@0, org.springframework.boot.test.autoconfigure.web.servlet.WebDriverContextCustomizerFactory$Customizer@c333c60, org.springframework.test.context.web.socket.MockServerContainerContextCustomizer@67080771], resourceBasePath = 'src/main/webapp', contextLoader = 'org.springframework.boot.test.context.SpringBootContextLoader', parent = [null]], attributes = map['org.springframework.test.context.web.ServletTestExecutionListener.activateListener' -> true, 'org.springframework.test.context.web.ServletTestExecutionListener.populatedRequestContextHolder' -> true, 'org.springframework.test.context.web.ServletTestExecutionListener.resetRequestContextHolder' -> true]]
[ERROR] Tests run: 12, Failures: 5, Errors: 1, Skipped: 0, Time elapsed: 24.869 s <<< FAILURE! - in com.challenge.suite.ChallengeTestSuite
[ERROR] findAll(com.challenge.suite.AccelerationControllerTest)  Time elapsed: 0.362 s  <<< FAILURE!
java.lang.AssertionError: expected:<200> but was:<400>
	at com.challenge.suite.AccelerationControllerTest.findAll(AccelerationControllerTest.java:58)

[ERROR] findById(com.challenge.suite.AccelerationControllerTest)  Time elapsed: 0.073 s  <<< FAILURE!
java.lang.AssertionError: expected:<200> but was:<500>
	at com.challenge.suite.AccelerationControllerTest.findById(AccelerationControllerTest.java:41)

[ERROR] findById(com.challenge.suite.CandidateControllerTest)  Time elapsed: 0.098 s  <<< ERROR!
org.springframework.web.util.NestedServletException: Request processing failed; nested exception is java.lang.RuntimeException
	at com.challenge.suite.CandidateControllerTest.findById(CandidateControllerTest.java:34)
Caused by: java.lang.RuntimeException
	at com.challenge.suite.CandidateControllerTest.findById(CandidateControllerTest.java:34)

[ERROR] findAllByUserId(com.challenge.suite.CompanyControllerTest)  Time elapsed: 0.102 s  <<< FAILURE!
java.lang.AssertionError: expected:<200> but was:<404>
	at com.challenge.suite.CompanyControllerTest.findAllByUserId(CompanyControllerTest.java:72)

[ERROR] findById(com.challenge.suite.CompanyControllerTest)  Time elapsed: 0.049 s  <<< FAILURE!
java.lang.AssertionError: expected:<200> but was:<500>
	at com.challenge.suite.CompanyControllerTest.findById(CompanyControllerTest.java:38)

[ERROR] findAllByAccelerationId(com.challenge.suite.CompanyControllerTest)  Time elapsed: 0.054 s  <<< FAILURE!
java.lang.AssertionError: expected:<200> but was:<404>
	at com.challenge.suite.CompanyControllerTest.findAllByAccelerationId(CompanyControllerTest.java:55)

2021-06-18 13:35:51.179  INFO 31372 --- [       Thread-1] o.s.s.concurrent.ThreadPoolTaskExecutor  : Shutting down ExecutorService 'applicationTaskExecutor'
2021-06-18 13:35:51.192  INFO 31372 --- [       Thread-1] j.LocalContainerEntityManagerFactoryBean : Closing JPA EntityManagerFactory for persistence unit 'default'
2021-06-18 13:35:51.193  INFO 31372 --- [       Thread-1] .SchemaDropperImpl$DelayedDropActionImpl : HHH000477: Starting delayed evictData of schema as part of SessionFactory shut-down'
Hibernate: drop table acceleration if exists
Hibernate: drop table candidate if exists
Hibernate: drop table challenge if exists
Hibernate: drop table company if exists
Hibernate: drop table submission if exists
Hibernate: drop table users if exists
2021-06-18 13:35:51.216  INFO 31372 --- [       Thread-1] com.zaxxer.hikari.HikariDataSource       : HikariPool-1 - Shutdown initiated...
2021-06-18 13:35:51.231  INFO 31372 --- [       Thread-1] com.zaxxer.hikari.HikariDataSource       : HikariPool-1 - Shutdown completed.
[INFO] 
[INFO] Results:
[INFO] 
[ERROR] Failures: 
[ERROR]   AccelerationControllerTest.findAll:58 expected:<200> but was:<400>
[ERROR]   AccelerationControllerTest.findById:41 expected:<200> but was:<500>
[ERROR]   CompanyControllerTest.findAllByAccelerationId:55 expected:<200> but was:<404>
[ERROR]   CompanyControllerTest.findAllByUserId:72 expected:<200> but was:<404>
[ERROR]   CompanyControllerTest.findById:38 expected:<200> but was:<500>
[ERROR] Errors: 
[ERROR]   CandidateControllerTest.findById:34 » NestedServlet Request processing failed;...
[INFO] 
[ERROR] Tests run: 12, Failures: 5, Errors: 1, Skipped: 0
[INFO] 
[INFO] ------------------------------------------------------------------------
[INFO] BUILD FAILURE
[INFO] ------------------------------------------------------------------------
[INFO] Total time:  43.591 s
[INFO] Finished at: 2021-06-18T13:35:51-03:00
[INFO] ------------------------------------------------------------------------
[ERROR] Failed to execute goal org.apache.maven.plugins:maven-surefire-plugin:2.22.2:test (default-test) on project spring-http: There are test failures.
[ERROR] 
[ERROR] Please refer to /home/danieleperse/codenation/java-11/target/surefire-reports for the individual test results.
[ERROR] Please refer to dump files (if any exist) [date].dump, [date]-jvmRun[N].dump and [date].dumpstream.
[ERROR] -> [Help 1]
[ERROR] 
[ERROR] To see the full stack trace of the errors, re-run Maven with the -e switch.
[ERROR] Re-run Maven using the -X switch to enable full debug logging.
[ERROR] 
[ERROR] For more information about the errors and possible solutions, please read the following articles:
[ERROR] [Help 1] http://cwiki.apache.org/confluence/display/MAVEN/MojoFailureException
Preparando code review...   2% |█                                       |  [0s:0s]                                                                                  Preparando code review...   5% |██                                      |  [1s:20s]                                                                                   Preparando code review...   7% |███                                     |  [1s:19s]                                                                                   Preparando code review...  10% |████                                    |  [2s:18s]                                                                                   Preparando code review...  12% |█████                                   |  [2s:17s]                                                                                   Preparando code review...  15% |██████                                  |  [2s:16s]                                                                                   Preparando code review...  17% |███████                                 |  [3s:15s]                                                                                   Preparando code review...  20% |████████                                |  [3s:15s]                                                                                   Preparando code review...  23% |█████████                               |  [4s:14s]                                                                                   Preparando code review...  25% |██████████                              |  [4s:14s]                                                                                   Preparando code review...  28% |███████████                             |  [5s:13s]                                                                                   Preparando code review...  30% |████████████                            |  [5s:12s]                                                                                   Preparando code review...  33% |█████████████                           |  [6s:12s]                                                                                   Preparando code review...  35% |██████████████                          |  [6s:11s]                                                                                   Preparando code review...  38% |███████████████                         |  [7s:11s]                                                                                   Preparando code review...  41% |████████████████                        |  [7s:10s]                                                                                   Preparando code review...  43% |█████████████████                       |  [8s:10s]                                                                                   Preparando code review...  46% |██████████████████                      |  [8s:9s]                                                                                   Preparando code review...  48% |███████████████████                     |  [9s:9s]                                                                                   Preparando code review...  51% |████████████████████                    |  [9s:9s]                                                                                   Preparando code review...  53% |█████████████████████                   |  [9s:8s]                                                                                   Preparando code review...  56% |██████████████████████                  |  [10s:8s]                                                                                   Preparando code review...  58% |███████████████████████                 |  [10s:7s]                                                                                   Preparando code review...  61% |████████████████████████                |  [11s:7s]                                                                                   Preparando code review...  64% |█████████████████████████               |  [11s:6s]                                                                                   Preparando code review...  66% |██████████████████████████              |  [12s:6s]                                                                                   Preparando code review...  69% |███████████████████████████             |  [12s:5s]                                                                                   Preparando code review...  71% |████████████████████████████            |  [13s:5s]                                                                                   Preparando code review...  74% |█████████████████████████████           |  [13s:4s]                                                                                   Preparando code review...  76% |██████████████████████████████          |  [14s:4s]                                                                                   Preparando code review...  79% |███████████████████████████████         |  [14s:3s]                                                                                   Preparando code review...  82% |████████████████████████████████        |  [15s:3s]                                                                                   Preparando code review...  84% |█████████████████████████████████       |  [15s:2s]                                                                                   Preparando code review...  87% |██████████████████████████████████      |  [16s:2s]                                                                                   Preparando code review...  89% |███████████████████████████████████     |  [16s:1s]                                                                                   Preparando code review...  92% |████████████████████████████████████    |  [16s:1s]                                                                                   Preparando code review...  94% |█████████████████████████████████████   |  [17s:0s]                                                                                   Preparando code review...  97% |██████████████████████████████████████  |  [17s:0s]                                                                                   Preparando code review... 100% |████████████████████████████████████████|  [18s:0s]
Códigos submetidos com sucesso! 

Sua nota é: 50.000000

Você está no caminho! Não desista. Algumas dicas que podem ajudar:

- Analise o resultado do comando acima, para procurar pistas que podem ajudar na solução do problema.
- Revise seu código para verificar se esqueceu de algo
- Revise o conteúdo do README.md para verificar se cumpriu tudo que o desafio pede
- Você pode compartilhar seu código com outros desenvolvedores para pedir ajuda e uma revisão de código usando o link especial: https://r.codenation.dev/u/FT9wSbgng
- Você pode pedir ajuda no forum da Code:Nation:  https://forum.codenation.com.br
